22:01:18 INFO  : Registering command handlers for SDK TCF services
22:01:19 INFO  : Launching XSCT server: xsct.bat -interactive C:\Users\mario\OneDrive\Desktop\pmodESP32\pmodESP32.sdk\temp_xsdb_launch_script.tcl
22:01:27 INFO  : XSCT server has started successfully.
22:01:37 INFO  : Processing command line option -hwspec C:/Users/mario/OneDrive/Desktop/pmodESP32/pmodESP32.sdk/design_1_wrapper.hdf.
22:01:37 INFO  : Successfully done setting XSCT server connection channel  
22:01:37 INFO  : Successfully done setting SDK workspace  
22:08:39 INFO  : Connected to target on host '127.0.0.1' and port '3121'.
22:10:23 INFO  : Connected to target on host '127.0.0.1' and port '3121'.
22:11:25 INFO  : Connected to target on host '127.0.0.1' and port '3121'.
22:13:08 INFO  : Connected to target on host '127.0.0.1' and port '3121'.
22:15:00 INFO  : Connected to target on host '127.0.0.1' and port '3121'.
10:29:04 INFO  : Connected to target on host '127.0.0.1' and port '3121'.
10:29:51 INFO  : Connected to target on host '127.0.0.1' and port '3121'.
10:30:14 INFO  : Connected to target on host '127.0.0.1' and port '3121'.
11:27:18 INFO  : Registering command handlers for SDK TCF services
11:27:19 INFO  : Launching XSCT server: xsct.bat -interactive C:\Users\mario\OneDrive\Desktop\pmodESP32\pmodESP32.sdk\temp_xsdb_launch_script.tcl
11:27:25 INFO  : XSCT server has started successfully.
11:27:25 INFO  : Successfully done setting XSCT server connection channel  
11:27:33 INFO  : Processing command line option -hwspec C:/Users/mario/OneDrive/Desktop/pmodESP32/pmodESP32.sdk/design_1_wrapper.hdf.
11:27:33 INFO  : Successfully done setting SDK workspace  
11:27:33 INFO  : Checking for hwspec changes in the project design_1_wrapper_hw_platform_0.
11:28:43 INFO  : Connected to target on host '127.0.0.1' and port '3121'.
11:29:45 INFO  : Connected to target on host '127.0.0.1' and port '3121'.
11:30:20 INFO  : Connected to target on host '127.0.0.1' and port '3121'.
11:32:19 INFO  : Connected to target on host '127.0.0.1' and port '3121'.
11:33:23 INFO  : Connected to target on host '127.0.0.1' and port '3121'.
11:33:29 INFO  : Connected to target on host '127.0.0.1' and port '3121'.
11:33:52 INFO  : Connected to target on host '127.0.0.1' and port '3121'.
11:33:52 INFO  : 'targets -set -filter {jtag_cable_name =~ "Digilent Basys3 210183A6F4E1A" && level==0} -index 0' command is executed.
11:33:54 INFO  : FPGA configured successfully with bitstream "C:/Users/mario/OneDrive/Desktop/pmodESP32/pmodESP32.sdk/design_1_wrapper_hw_platform_0/download.bit"
11:34:32 INFO  : 'targets -set -filter {jtag_cable_name =~ "Digilent Basys3 210183A6F4E1A" && level==0} -index 0' command is executed.
11:34:32 INFO  : 'fpga -state' command is executed.
11:34:32 INFO  : Connected to target on host '127.0.0.1' and port '3121'.
11:34:32 INFO  : Jtag cable 'Digilent Basys3 210183A6F4E1A' is selected.
11:34:32 INFO  : 'jtag frequency' command is executed.
11:34:32 INFO  : 'configparams mdm-detect-bscan-mask 2' command is executed.
11:34:32 INFO  : Context for processor 'microblaze_0' is selected.
11:34:32 INFO  : Processor reset is completed for 'microblaze_0'.
11:34:33 INFO  : Context for processor 'microblaze_0' is selected.
11:34:33 INFO  : The application 'C:/Users/mario/OneDrive/Desktop/pmodESP32/pmodESP32.sdk/application_proj/Debug/application_proj.elf' is downloaded to processor 'microblaze_0'.
11:34:33 INFO  : ----------------XSDB Script----------------
connect -url tcp:127.0.0.1:3121
configparams mdm-detect-bscan-mask 2
targets -set -nocase -filter {name =~ "microblaze*#0" && bscan=="USER2"  && jtag_cable_name =~ "Digilent Basys3 210183A6F4E1A"} -index 0
rst -processor
targets -set -nocase -filter {name =~ "microblaze*#0" && bscan=="USER2"  && jtag_cable_name =~ "Digilent Basys3 210183A6F4E1A"} -index 0
dow C:/Users/mario/OneDrive/Desktop/pmodESP32/pmodESP32.sdk/application_proj/Debug/application_proj.elf
----------------End of Script----------------

11:34:33 INFO  : Memory regions updated for context PA
11:34:33 INFO  : Memory regions updated for context PA
11:34:33 INFO  : Context for processor 'microblaze_0' is selected.
11:34:33 INFO  : 'con' command is executed.
11:34:33 INFO  : ----------------XSDB Script (After Launch)----------------
targets -set -nocase -filter {name =~ "microblaze*#0" && bscan=="USER2"  && jtag_cable_name =~ "Digilent Basys3 210183A6F4E1A"} -index 0
con
----------------End of Script----------------

11:34:33 INFO  : Launch script is exported to file 'C:\Users\mario\OneDrive\Desktop\pmodESP32\pmodESP32.sdk\.sdk\launch_scripts\xilinx_c-c++_application_(system_debugger)\system_debugger_using_debug_application_proj.elf_on_local.tcl'
11:35:56 INFO  : Disconnected from the channel tcfchan#1.
11:35:57 INFO  : 'targets -set -filter {jtag_cable_name =~ "Digilent Basys3 210183A6F4E1A" && level==0} -index 0' command is executed.
11:35:57 INFO  : 'fpga -state' command is executed.
11:35:57 INFO  : Connected to target on host '127.0.0.1' and port '3121'.
11:35:58 INFO  : Jtag cable 'Digilent Basys3 210183A6F4E1A' is selected.
11:35:58 INFO  : 'jtag frequency' command is executed.
11:35:58 INFO  : 'configparams mdm-detect-bscan-mask 2' command is executed.
11:35:58 INFO  : Context for processor 'microblaze_0' is selected.
11:35:58 INFO  : Processor reset is completed for 'microblaze_0'.
11:35:58 INFO  : Context for processor 'microblaze_0' is selected.
11:35:58 INFO  : The application 'C:/Users/mario/OneDrive/Desktop/pmodESP32/pmodESP32.sdk/application_proj/Debug/application_proj.elf' is downloaded to processor 'microblaze_0'.
11:35:58 INFO  : ----------------XSDB Script----------------
connect -url tcp:127.0.0.1:3121
configparams mdm-detect-bscan-mask 2
targets -set -nocase -filter {name =~ "microblaze*#0" && bscan=="USER2"  && jtag_cable_name =~ "Digilent Basys3 210183A6F4E1A"} -index 0
rst -processor
targets -set -nocase -filter {name =~ "microblaze*#0" && bscan=="USER2"  && jtag_cable_name =~ "Digilent Basys3 210183A6F4E1A"} -index 0
dow C:/Users/mario/OneDrive/Desktop/pmodESP32/pmodESP32.sdk/application_proj/Debug/application_proj.elf
----------------End of Script----------------

11:35:58 INFO  : Memory regions updated for context PA
11:35:58 INFO  : Memory regions updated for context PA
11:35:58 INFO  : Context for processor 'microblaze_0' is selected.
11:35:58 INFO  : 'con' command is executed.
11:35:58 INFO  : ----------------XSDB Script (After Launch)----------------
targets -set -nocase -filter {name =~ "microblaze*#0" && bscan=="USER2"  && jtag_cable_name =~ "Digilent Basys3 210183A6F4E1A"} -index 0
con
----------------End of Script----------------

11:35:58 INFO  : Launch script is exported to file 'C:\Users\mario\OneDrive\Desktop\pmodESP32\pmodESP32.sdk\.sdk\launch_scripts\xilinx_c-c++_application_(system_debugger)\system_debugger_using_debug_application_proj.elf_on_local.tcl'
11:36:54 INFO  : Disconnected from the channel tcfchan#2.
11:36:55 INFO  : 'targets -set -filter {jtag_cable_name =~ "Digilent Basys3 210183A6F4E1A" && level==0} -index 0' command is executed.
11:36:55 INFO  : 'fpga -state' command is executed.
11:36:55 INFO  : Connected to target on host '127.0.0.1' and port '3121'.
11:36:56 INFO  : Jtag cable 'Digilent Basys3 210183A6F4E1A' is selected.
11:36:56 INFO  : 'jtag frequency' command is executed.
11:36:56 INFO  : 'configparams mdm-detect-bscan-mask 2' command is executed.
11:36:56 INFO  : Context for processor 'microblaze_0' is selected.
11:36:56 INFO  : Processor reset is completed for 'microblaze_0'.
11:36:56 INFO  : Context for processor 'microblaze_0' is selected.
11:36:56 INFO  : The application 'C:/Users/mario/OneDrive/Desktop/pmodESP32/pmodESP32.sdk/application_proj/Debug/application_proj.elf' is downloaded to processor 'microblaze_0'.
11:36:56 INFO  : ----------------XSDB Script----------------
connect -url tcp:127.0.0.1:3121
configparams mdm-detect-bscan-mask 2
targets -set -nocase -filter {name =~ "microblaze*#0" && bscan=="USER2"  && jtag_cable_name =~ "Digilent Basys3 210183A6F4E1A"} -index 0
rst -processor
targets -set -nocase -filter {name =~ "microblaze*#0" && bscan=="USER2"  && jtag_cable_name =~ "Digilent Basys3 210183A6F4E1A"} -index 0
dow C:/Users/mario/OneDrive/Desktop/pmodESP32/pmodESP32.sdk/application_proj/Debug/application_proj.elf
----------------End of Script----------------

11:36:56 INFO  : Memory regions updated for context PA
11:36:56 INFO  : Memory regions updated for context PA
11:36:57 INFO  : Context for processor 'microblaze_0' is selected.
11:36:57 INFO  : 'con' command is executed.
11:36:57 INFO  : ----------------XSDB Script (After Launch)----------------
targets -set -nocase -filter {name =~ "microblaze*#0" && bscan=="USER2"  && jtag_cable_name =~ "Digilent Basys3 210183A6F4E1A"} -index 0
con
----------------End of Script----------------

11:36:57 INFO  : Launch script is exported to file 'C:\Users\mario\OneDrive\Desktop\pmodESP32\pmodESP32.sdk\.sdk\launch_scripts\xilinx_c-c++_application_(system_debugger)\system_debugger_using_debug_application_proj.elf_on_local.tcl'
11:37:23 INFO  : 'targets -set -filter {jtag_cable_name =~ "Digilent Basys3 210183A6F4E1A" && level==0} -index 0' command is executed.
11:37:23 INFO  : 'fpga -state' command is executed.
11:37:23 INFO  : Connected to target on host '127.0.0.1' and port '3121'.
11:37:25 INFO  : Jtag cable 'Digilent Basys3 210183A6F4E1A' is selected.
11:37:25 INFO  : 'jtag frequency' command is executed.
11:37:25 INFO  : 'configparams mdm-detect-bscan-mask 2' command is executed.
11:37:25 INFO  : Context for processor 'microblaze_0' is selected.
11:37:25 INFO  : Processor reset is completed for 'microblaze_0'.
11:37:25 INFO  : Context for processor 'microblaze_0' is selected.
11:37:25 INFO  : The application 'C:/Users/mario/OneDrive/Desktop/pmodESP32/pmodESP32.sdk/application_proj/Debug/application_proj.elf' is downloaded to processor 'microblaze_0'.
11:37:25 INFO  : ----------------XSDB Script----------------
connect -url tcp:127.0.0.1:3121
configparams mdm-detect-bscan-mask 2
targets -set -nocase -filter {name =~ "microblaze*#0" && bscan=="USER2"  && jtag_cable_name =~ "Digilent Basys3 210183A6F4E1A"} -index 0
rst -processor
targets -set -nocase -filter {name =~ "microblaze*#0" && bscan=="USER2"  && jtag_cable_name =~ "Digilent Basys3 210183A6F4E1A"} -index 0
dow C:/Users/mario/OneDrive/Desktop/pmodESP32/pmodESP32.sdk/application_proj/Debug/application_proj.elf
----------------End of Script----------------

11:37:25 INFO  : Context for processor 'microblaze_0' is selected.
11:37:25 INFO  : 'con' command is executed.
11:37:25 INFO  : ----------------XSDB Script (After Launch)----------------
targets -set -nocase -filter {name =~ "microblaze*#0" && bscan=="USER2"  && jtag_cable_name =~ "Digilent Basys3 210183A6F4E1A"} -index 0
con
----------------End of Script----------------

11:37:25 INFO  : Disconnected from the channel tcfchan#3.
11:43:19 WARN  : channel "tcfchan#3" closed
11:43:45 INFO  : Connected to target on host '127.0.0.1' and port '3121'.
12:33:28 INFO  : Registering command handlers for SDK TCF services
12:33:33 INFO  : Launching XSCT server: xsct.bat -interactive C:\Users\mario\OneDrive\Desktop\pmodESP32\pmodESP32.sdk\temp_xsdb_launch_script.tcl
12:33:57 INFO  : XSCT server has started successfully.
12:34:36 INFO  : Processing command line option -hwspec C:/Users/mario/OneDrive/Desktop/pmodESP32/pmodESP32.sdk/design_1_wrapper.hdf.
12:34:36 INFO  : Successfully done setting XSCT server connection channel  
12:34:36 INFO  : Checking for hwspec changes in the project design_1_wrapper_hw_platform_0.
12:34:36 INFO  : Successfully done setting SDK workspace  
12:54:08 INFO  : Registering command handlers for SDK TCF services
12:54:11 INFO  : Launching XSCT server: xsct.bat -interactive C:\Users\mario\OneDrive\Desktop\pmodESP32\pmodESP32.sdk\temp_xsdb_launch_script.tcl
12:54:23 INFO  : XSCT server has started successfully.
12:54:24 INFO  : Processing command line option -hwspec C:/Users/mario/OneDrive/Desktop/pmodESP32/pmodESP32.sdk/design_1_wrapper.hdf.
12:54:24 INFO  : Successfully done setting XSCT server connection channel  
12:54:24 INFO  : Checking for hwspec changes in the project design_1_wrapper_hw_platform_0.
12:54:24 INFO  : Successfully done setting SDK workspace  
12:54:40 INFO  : SDK has detected change in the last modified timestamps for source hardware specification file Source:1595879337793,  Project:1595291816938
12:54:40 INFO  : The hardware specification for project 'design_1_wrapper_hw_platform_0' is different from C:/Users/mario/OneDrive/Desktop/pmodESP32/pmodESP32.sdk/design_1_wrapper.hdf.
12:54:40 INFO  : Copied contents of C:/Users/mario/OneDrive/Desktop/pmodESP32/pmodESP32.sdk/design_1_wrapper.hdf into \design_1_wrapper_hw_platform_0\system.hdf.
12:55:59 INFO  : Synchronizing projects in the workspace with the hardware platform specification changes.
12:56:38 INFO  : 
12:56:40 INFO  : Updating hardware inferred compiler options for application_proj.
12:56:40 INFO  : Clearing existing target manager status.
12:58:48 INFO  : Connected to target on host '127.0.0.1' and port '3121'.
12:59:24 INFO  : Connected to target on host '127.0.0.1' and port '3121'.
12:59:34 INFO  : Connected to target on host '127.0.0.1' and port '3121'.
13:00:32 INFO  : Connected to target on host '127.0.0.1' and port '3121'.
13:00:32 INFO  : 'targets -set -filter {jtag_cable_name =~ "Digilent Basys3 210183A6F4E1A" && level==0} -index 0' command is executed.
13:00:34 INFO  : FPGA configured successfully with bitstream "C:/Users/mario/OneDrive/Desktop/pmodESP32/pmodESP32.sdk/design_1_wrapper_hw_platform_0/download.bit"
13:11:01 INFO  : Connected to target on host '127.0.0.1' and port '3121'.
13:11:10 INFO  : Device 'Digilent Basys3 210183A6F4E1A/1-xc7a35t' not found in the selected target configuration 'Local'
13:11:14 INFO  : Connected to target on host '127.0.0.1' and port '3121'.
13:12:12 INFO  : Connected to target on host '127.0.0.1' and port '3121'.
13:12:12 INFO  : 'targets -set -filter {jtag_cable_name =~ "Digilent Basys3 210183A6F4E1A" && level==0} -index 0' command is executed.
13:12:14 INFO  : FPGA configured successfully with bitstream "C:/Users/mario/OneDrive/Desktop/pmodESP32/pmodESP32.sdk/design_1_wrapper_hw_platform_0/download.bit"
13:12:50 INFO  : 'targets -set -filter {jtag_cable_name =~ "Digilent Basys3 210183A6F4E1A" && level==0} -index 0' command is executed.
13:12:50 INFO  : 'fpga -state' command is executed.
13:12:50 INFO  : Connected to target on host '127.0.0.1' and port '3121'.
13:12:52 INFO  : Jtag cable 'Digilent Basys3 210183A6F4E1A' is selected.
13:12:52 INFO  : 'jtag frequency' command is executed.
13:12:53 INFO  : 'configparams mdm-detect-bscan-mask 2' command is executed.
13:12:53 INFO  : Context for processor 'microblaze_0' is selected.
13:12:53 INFO  : Processor reset is completed for 'microblaze_0'.
13:12:54 INFO  : Context for processor 'microblaze_0' is selected.
13:12:54 INFO  : The application 'C:/Users/mario/OneDrive/Desktop/pmodESP32/pmodESP32.sdk/blainedontmessmeup/Debug/blainedontmessmeup.elf' is downloaded to processor 'microblaze_0'.
13:12:54 INFO  : ----------------XSDB Script----------------
connect -url tcp:127.0.0.1:3121
configparams mdm-detect-bscan-mask 2
targets -set -nocase -filter {name =~ "microblaze*#0" && bscan=="USER2"  && jtag_cable_name =~ "Digilent Basys3 210183A6F4E1A"} -index 0
rst -processor
targets -set -nocase -filter {name =~ "microblaze*#0" && bscan=="USER2"  && jtag_cable_name =~ "Digilent Basys3 210183A6F4E1A"} -index 0
dow C:/Users/mario/OneDrive/Desktop/pmodESP32/pmodESP32.sdk/blainedontmessmeup/Debug/blainedontmessmeup.elf
----------------End of Script----------------

13:12:54 INFO  : Memory regions updated for context PA
13:12:54 INFO  : Memory regions updated for context PA
13:12:55 INFO  : Context for processor 'microblaze_0' is selected.
13:12:55 INFO  : 'con' command is executed.
13:12:55 INFO  : ----------------XSDB Script (After Launch)----------------
targets -set -nocase -filter {name =~ "microblaze*#0" && bscan=="USER2"  && jtag_cable_name =~ "Digilent Basys3 210183A6F4E1A"} -index 0
con
----------------End of Script----------------

13:12:55 INFO  : Launch script is exported to file 'C:\Users\mario\OneDrive\Desktop\pmodESP32\pmodESP32.sdk\.sdk\launch_scripts\xilinx_c-c++_application_(system_debugger)\system_debugger_using_debug_blainedontmessmeup.elf_on_local.tcl'
13:24:26 INFO  : Disconnected from the channel tcfchan#1.
13:24:37 INFO  : Connected to target on host '127.0.0.1' and port '3121'.
13:24:58 INFO  : Connected to target on host '127.0.0.1' and port '3121'.
13:25:45 INFO  : Connected to target on host '127.0.0.1' and port '3121'.
13:25:45 INFO  : 'targets -set -filter {jtag_cable_name =~ "Digilent Basys3 210183A6F4E1A" && level==0} -index 0' command is executed.
13:25:47 INFO  : FPGA configured successfully with bitstream "C:/Users/mario/OneDrive/Desktop/pmodESP32/pmodESP32.sdk/design_1_wrapper_hw_platform_0/download.bit"
13:32:38 INFO  : 'targets -set -filter {jtag_cable_name =~ "Digilent Basys3 210183A6F4E1A" && level==0} -index 0' command is executed.
13:32:38 INFO  : 'fpga -state' command is executed.
13:32:39 INFO  : Connected to target on host '127.0.0.1' and port '3121'.
13:32:41 INFO  : Jtag cable 'Digilent Basys3 210183A6F4E1A' is selected.
13:32:41 INFO  : 'jtag frequency' command is executed.
13:32:41 INFO  : 'configparams mdm-detect-bscan-mask 2' command is executed.
13:32:41 INFO  : Context for processor 'microblaze_0' is selected.
13:32:42 INFO  : Processor reset is completed for 'microblaze_0'.
13:32:43 INFO  : Context for processor 'microblaze_0' is selected.
13:32:44 INFO  : The application 'C:/Users/mario/OneDrive/Desktop/pmodESP32/pmodESP32.sdk/blainedontmessmeup/Debug/blainedontmessmeup.elf' is downloaded to processor 'microblaze_0'.
13:32:44 INFO  : ----------------XSDB Script----------------
connect -url tcp:127.0.0.1:3121
configparams mdm-detect-bscan-mask 2
targets -set -nocase -filter {name =~ "microblaze*#0" && bscan=="USER2"  && jtag_cable_name =~ "Digilent Basys3 210183A6F4E1A"} -index 0
rst -processor
targets -set -nocase -filter {name =~ "microblaze*#0" && bscan=="USER2"  && jtag_cable_name =~ "Digilent Basys3 210183A6F4E1A"} -index 0
dow C:/Users/mario/OneDrive/Desktop/pmodESP32/pmodESP32.sdk/blainedontmessmeup/Debug/blainedontmessmeup.elf
----------------End of Script----------------

13:32:44 INFO  : Memory regions updated for context PA
13:32:44 INFO  : Memory regions updated for context PA
13:32:45 INFO  : Context for processor 'microblaze_0' is selected.
13:32:45 INFO  : 'con' command is executed.
13:32:45 INFO  : ----------------XSDB Script (After Launch)----------------
targets -set -nocase -filter {name =~ "microblaze*#0" && bscan=="USER2"  && jtag_cable_name =~ "Digilent Basys3 210183A6F4E1A"} -index 0
con
----------------End of Script----------------

13:32:45 INFO  : Launch script is exported to file 'C:\Users\mario\OneDrive\Desktop\pmodESP32\pmodESP32.sdk\.sdk\launch_scripts\xilinx_c-c++_application_(system_debugger)\system_debugger_using_debug_blainedontmessmeup.elf_on_local.tcl'
13:37:39 INFO  : Connected to target on host '127.0.0.1' and port '3121'.
13:37:44 INFO  : Connected to target on host '127.0.0.1' and port '3121'.
13:38:23 INFO  : Connected to target on host '127.0.0.1' and port '3121'.
13:38:24 INFO  : 'targets -set -filter {jtag_cable_name =~ "Digilent Basys3 210183A6F4E1A" && level==0} -index 0' command is executed.
13:38:25 INFO  : FPGA configured successfully with bitstream "C:/Users/mario/OneDrive/Desktop/pmodESP32/pmodESP32.sdk/design_1_wrapper_hw_platform_0/download.bit"
13:39:39 INFO  : Disconnected from the channel tcfchan#2.
13:39:58 INFO  : Connected to target on host '127.0.0.1' and port '3121'.
13:40:07 INFO  : Connected to target on host '127.0.0.1' and port '3121'.
13:40:08 INFO  : Connected to target on host '127.0.0.1' and port '3121'.
13:40:51 INFO  : Connected to target on host '127.0.0.1' and port '3121'.
13:40:51 INFO  : 'targets -set -filter {jtag_cable_name =~ "Digilent Basys3 210183A6F4E1A" && level==0} -index 0' command is executed.
13:40:52 INFO  : FPGA configured successfully with bitstream "C:/Users/mario/OneDrive/Desktop/pmodESP32/pmodESP32.sdk/design_1_wrapper_hw_platform_0/download.bit"
13:41:32 INFO  : 'targets -set -filter {jtag_cable_name =~ "Digilent Basys3 210183A6F4E1A" && level==0} -index 0' command is executed.
13:41:32 INFO  : 'fpga -state' command is executed.
13:41:32 INFO  : Connected to target on host '127.0.0.1' and port '3121'.
13:41:33 INFO  : Jtag cable 'Digilent Basys3 210183A6F4E1A' is selected.
13:41:33 INFO  : 'jtag frequency' command is executed.
13:41:33 INFO  : 'configparams mdm-detect-bscan-mask 2' command is executed.
13:41:33 INFO  : Context for processor 'microblaze_0' is selected.
13:41:33 INFO  : Processor reset is completed for 'microblaze_0'.
13:41:34 INFO  : Context for processor 'microblaze_0' is selected.
13:41:34 INFO  : The application 'C:/Users/mario/OneDrive/Desktop/pmodESP32/pmodESP32.sdk/blainedontmessmeup/Debug/blainedontmessmeup.elf' is downloaded to processor 'microblaze_0'.
13:41:34 INFO  : ----------------XSDB Script----------------
connect -url tcp:127.0.0.1:3121
configparams mdm-detect-bscan-mask 2
targets -set -nocase -filter {name =~ "microblaze*#0" && bscan=="USER2"  && jtag_cable_name =~ "Digilent Basys3 210183A6F4E1A"} -index 0
rst -processor
targets -set -nocase -filter {name =~ "microblaze*#0" && bscan=="USER2"  && jtag_cable_name =~ "Digilent Basys3 210183A6F4E1A"} -index 0
dow C:/Users/mario/OneDrive/Desktop/pmodESP32/pmodESP32.sdk/blainedontmessmeup/Debug/blainedontmessmeup.elf
----------------End of Script----------------

13:41:34 INFO  : Memory regions updated for context PA
13:41:34 INFO  : Memory regions updated for context PA
13:41:34 INFO  : Context for processor 'microblaze_0' is selected.
13:41:34 INFO  : 'con' command is executed.
13:41:34 INFO  : ----------------XSDB Script (After Launch)----------------
targets -set -nocase -filter {name =~ "microblaze*#0" && bscan=="USER2"  && jtag_cable_name =~ "Digilent Basys3 210183A6F4E1A"} -index 0
con
----------------End of Script----------------

13:41:34 INFO  : Launch script is exported to file 'C:\Users\mario\OneDrive\Desktop\pmodESP32\pmodESP32.sdk\.sdk\launch_scripts\xilinx_c-c++_application_(system_debugger)\system_debugger_using_debug_blainedontmessmeup.elf_on_local.tcl'
13:43:41 INFO  : Disconnected from the channel tcfchan#3.
13:43:42 INFO  : 'targets -set -filter {jtag_cable_name =~ "Digilent Basys3 210183A6F4E1A" && level==0} -index 0' command is executed.
13:43:42 INFO  : 'fpga -state' command is executed.
13:43:42 INFO  : Connected to target on host '127.0.0.1' and port '3121'.
13:43:43 INFO  : Jtag cable 'Digilent Basys3 210183A6F4E1A' is selected.
13:43:43 INFO  : 'jtag frequency' command is executed.
13:43:43 INFO  : 'configparams mdm-detect-bscan-mask 2' command is executed.
13:43:43 INFO  : Context for processor 'microblaze_0' is selected.
13:43:43 INFO  : Processor reset is completed for 'microblaze_0'.
13:43:43 INFO  : Context for processor 'microblaze_0' is selected.
13:43:44 INFO  : The application 'C:/Users/mario/OneDrive/Desktop/pmodESP32/pmodESP32.sdk/blainedontmessmeup/Debug/blainedontmessmeup.elf' is downloaded to processor 'microblaze_0'.
13:43:44 INFO  : ----------------XSDB Script----------------
connect -url tcp:127.0.0.1:3121
configparams mdm-detect-bscan-mask 2
targets -set -nocase -filter {name =~ "microblaze*#0" && bscan=="USER2"  && jtag_cable_name =~ "Digilent Basys3 210183A6F4E1A"} -index 0
rst -processor
targets -set -nocase -filter {name =~ "microblaze*#0" && bscan=="USER2"  && jtag_cable_name =~ "Digilent Basys3 210183A6F4E1A"} -index 0
dow C:/Users/mario/OneDrive/Desktop/pmodESP32/pmodESP32.sdk/blainedontmessmeup/Debug/blainedontmessmeup.elf
----------------End of Script----------------

13:43:44 INFO  : Memory regions updated for context PA
13:43:44 INFO  : Memory regions updated for context PA
13:43:44 INFO  : Context for processor 'microblaze_0' is selected.
13:43:44 INFO  : 'con' command is executed.
13:43:44 INFO  : ----------------XSDB Script (After Launch)----------------
targets -set -nocase -filter {name =~ "microblaze*#0" && bscan=="USER2"  && jtag_cable_name =~ "Digilent Basys3 210183A6F4E1A"} -index 0
con
----------------End of Script----------------

13:43:44 INFO  : Launch script is exported to file 'C:\Users\mario\OneDrive\Desktop\pmodESP32\pmodESP32.sdk\.sdk\launch_scripts\xilinx_c-c++_application_(system_debugger)\system_debugger_using_debug_blainedontmessmeup.elf_on_local.tcl'
13:57:50 INFO  : Disconnected from the channel tcfchan#4.
13:58:38 INFO  : Connected to target on host '127.0.0.1' and port '3121'.
13:59:26 INFO  : Connected to target on host '127.0.0.1' and port '3121'.
13:59:27 INFO  : 'targets -set -filter {jtag_cable_name =~ "Digilent Basys3 210183A6F4E1A" && level==0} -index 0' command is executed.
13:59:28 INFO  : FPGA configured successfully with bitstream "C:/Users/mario/OneDrive/Desktop/pmodESP32/pmodESP32.sdk/design_1_wrapper_hw_platform_0/download.bit"
14:08:37 INFO  : Connected to target on host '127.0.0.1' and port '3121'.
14:08:43 INFO  : Connected to target on host '127.0.0.1' and port '3121'.
14:08:47 INFO  : Connected to target on host '127.0.0.1' and port '3121'.
14:09:42 INFO  : Connected to target on host '127.0.0.1' and port '3121'.
14:09:42 INFO  : 'targets -set -filter {jtag_cable_name =~ "Digilent Basys3 210183A6F4E1A" && level==0} -index 0' command is executed.
14:09:43 INFO  : FPGA configured successfully with bitstream "C:/Users/mario/OneDrive/Desktop/pmodESP32/pmodESP32.sdk/design_1_wrapper_hw_platform_0/download.bit"
14:10:08 INFO  : 'targets -set -filter {jtag_cable_name =~ "Digilent Basys3 210183A6F4E1A" && level==0} -index 0' command is executed.
14:10:08 INFO  : 'fpga -state' command is executed.
14:10:08 INFO  : Connected to target on host '127.0.0.1' and port '3121'.
14:10:09 INFO  : Jtag cable 'Digilent Basys3 210183A6F4E1A' is selected.
14:10:09 INFO  : 'jtag frequency' command is executed.
14:10:09 INFO  : 'configparams mdm-detect-bscan-mask 2' command is executed.
14:10:09 INFO  : Context for processor 'microblaze_0' is selected.
14:10:09 INFO  : Processor reset is completed for 'microblaze_0'.
14:10:10 INFO  : Context for processor 'microblaze_0' is selected.
14:10:10 INFO  : The application 'C:/Users/mario/OneDrive/Desktop/pmodESP32/pmodESP32.sdk/blainedontmessmeup/Debug/blainedontmessmeup.elf' is downloaded to processor 'microblaze_0'.
14:10:10 INFO  : ----------------XSDB Script----------------
connect -url tcp:127.0.0.1:3121
configparams mdm-detect-bscan-mask 2
targets -set -nocase -filter {name =~ "microblaze*#0" && bscan=="USER2"  && jtag_cable_name =~ "Digilent Basys3 210183A6F4E1A"} -index 0
rst -processor
targets -set -nocase -filter {name =~ "microblaze*#0" && bscan=="USER2"  && jtag_cable_name =~ "Digilent Basys3 210183A6F4E1A"} -index 0
dow C:/Users/mario/OneDrive/Desktop/pmodESP32/pmodESP32.sdk/blainedontmessmeup/Debug/blainedontmessmeup.elf
----------------End of Script----------------

14:10:10 INFO  : Memory regions updated for context PA
14:10:10 INFO  : Memory regions updated for context PA
14:10:10 INFO  : Context for processor 'microblaze_0' is selected.
14:10:11 INFO  : 'con' command is executed.
14:10:11 INFO  : ----------------XSDB Script (After Launch)----------------
targets -set -nocase -filter {name =~ "microblaze*#0" && bscan=="USER2"  && jtag_cable_name =~ "Digilent Basys3 210183A6F4E1A"} -index 0
con
----------------End of Script----------------

14:10:11 INFO  : Launch script is exported to file 'C:\Users\mario\OneDrive\Desktop\pmodESP32\pmodESP32.sdk\.sdk\launch_scripts\xilinx_c-c++_application_(system_debugger)\system_debugger_using_debug_blainedontmessmeup.elf_on_local.tcl'
14:11:57 INFO  : Disconnected from the channel tcfchan#5.
14:12:17 INFO  : Connected to target on host '127.0.0.1' and port '3121'.
14:13:01 INFO  : Connected to target on host '127.0.0.1' and port '3121'.
14:13:01 INFO  : 'targets -set -filter {jtag_cable_name =~ "Digilent Basys3 210183A6F4E1A" && level==0} -index 0' command is executed.
14:13:03 INFO  : FPGA configured successfully with bitstream "C:/Users/mario/OneDrive/Desktop/pmodESP32/pmodESP32.sdk/design_1_wrapper_hw_platform_0/download.bit"
14:15:41 INFO  : Connected to target on host '127.0.0.1' and port '3121'.
14:16:13 INFO  : Connected to target on host '127.0.0.1' and port '3121'.
14:16:14 INFO  : 'targets -set -filter {jtag_cable_name =~ "Digilent Basys3 210183A6F4E1A" && level==0} -index 0' command is executed.
14:16:15 INFO  : FPGA configured successfully with bitstream "C:/Users/mario/OneDrive/Desktop/pmodESP32/pmodESP32.sdk/design_1_wrapper_hw_platform_0/download.bit"
14:16:31 INFO  : 'targets -set -filter {jtag_cable_name =~ "Digilent Basys3 210183A6F4E1A" && level==0} -index 0' command is executed.
14:16:31 INFO  : 'fpga -state' command is executed.
14:16:31 INFO  : Connected to target on host '127.0.0.1' and port '3121'.
14:16:31 INFO  : Jtag cable 'Digilent Basys3 210183A6F4E1A' is selected.
14:16:32 INFO  : 'jtag frequency' command is executed.
14:16:32 INFO  : 'configparams mdm-detect-bscan-mask 2' command is executed.
14:16:32 INFO  : Context for processor 'microblaze_0' is selected.
14:16:32 INFO  : Processor reset is completed for 'microblaze_0'.
14:16:32 INFO  : Context for processor 'microblaze_0' is selected.
14:16:32 INFO  : The application 'C:/Users/mario/OneDrive/Desktop/pmodESP32/pmodESP32.sdk/blainedontmessmeup/Debug/blainedontmessmeup.elf' is downloaded to processor 'microblaze_0'.
14:16:32 INFO  : ----------------XSDB Script----------------
connect -url tcp:127.0.0.1:3121
configparams mdm-detect-bscan-mask 2
targets -set -nocase -filter {name =~ "microblaze*#0" && bscan=="USER2"  && jtag_cable_name =~ "Digilent Basys3 210183A6F4E1A"} -index 0
rst -processor
targets -set -nocase -filter {name =~ "microblaze*#0" && bscan=="USER2"  && jtag_cable_name =~ "Digilent Basys3 210183A6F4E1A"} -index 0
dow C:/Users/mario/OneDrive/Desktop/pmodESP32/pmodESP32.sdk/blainedontmessmeup/Debug/blainedontmessmeup.elf
----------------End of Script----------------

14:16:32 INFO  : Memory regions updated for context PA
14:16:32 INFO  : Memory regions updated for context PA
14:16:32 INFO  : Context for processor 'microblaze_0' is selected.
14:16:32 INFO  : 'con' command is executed.
14:16:32 INFO  : ----------------XSDB Script (After Launch)----------------
targets -set -nocase -filter {name =~ "microblaze*#0" && bscan=="USER2"  && jtag_cable_name =~ "Digilent Basys3 210183A6F4E1A"} -index 0
con
----------------End of Script----------------

14:16:32 INFO  : Launch script is exported to file 'C:\Users\mario\OneDrive\Desktop\pmodESP32\pmodESP32.sdk\.sdk\launch_scripts\xilinx_c-c++_application_(system_debugger)\system_debugger_using_debug_blainedontmessmeup.elf_on_local.tcl'
14:20:14 INFO  : Connected to target on host '127.0.0.1' and port '3121'.
14:20:55 INFO  : Connected to target on host '127.0.0.1' and port '3121'.
14:20:56 INFO  : 'targets -set -filter {jtag_cable_name =~ "Digilent Basys3 210183A6F4E1A" && level==0} -index 0' command is executed.
14:20:58 INFO  : FPGA configured successfully with bitstream "C:/Users/mario/OneDrive/Desktop/pmodESP32/pmodESP32.sdk/design_1_wrapper_hw_platform_0/download.bit"
14:40:33 INFO  : Connected to target on host '127.0.0.1' and port '3121'.
14:40:42 INFO  : Connected to target on host '127.0.0.1' and port '3121'.
14:41:04 INFO  : Connected to target on host '127.0.0.1' and port '3121'.
14:41:35 INFO  : Connected to target on host '127.0.0.1' and port '3121'.
14:42:40 INFO  : Connected to target on host '127.0.0.1' and port '3121'.
14:42:59 INFO  : Disconnected from the channel tcfchan#6.
14:43:18 INFO  : 'targets -set -filter {jtag_cable_name =~ "Digilent Basys3 210183A6F4E1A" && level==0} -index 0' command is executed.
14:43:23 INFO  : 'fpga -state' command is executed.
14:43:33 INFO  : Connected to target on host '127.0.0.1' and port '3121'.
14:44:55 INFO  : Jtag cable 'Digilent Basys3 210183A6F4E1A' is selected.
14:44:55 INFO  : 'jtag frequency' command is executed.
14:45:01 INFO  : 'configparams mdm-detect-bscan-mask 2' command is executed.
14:45:06 ERROR : no targets found with "name =~ "microblaze*#0" && bscan=="USER2"  && jtag_cable_name =~ "Digilent Basys3 210183A6F4E1A"". available targets:
  1* xc7a35t
14:45:06 INFO  : ----------------XSDB Script----------------
connect -url tcp:127.0.0.1:3121
configparams mdm-detect-bscan-mask 2
targets -set -nocase -filter {name =~ "microblaze*#0" && bscan=="USER2"  && jtag_cable_name =~ "Digilent Basys3 210183A6F4E1A"} -index 0
----------------End of Script----------------

14:46:32 INFO  : 'targets -set -filter {jtag_cable_name =~ "Digilent Basys3 210183A6F4E1A" && level==0} -index 0' command is executed.
14:46:32 INFO  : 'fpga -state' command is executed.
14:46:36 INFO  : Connected to target on host '127.0.0.1' and port '3121'.
14:46:42 INFO  : Jtag cable 'Digilent Basys3 210183A6F4E1A' is selected.
14:46:51 INFO  : 'jtag frequency' command is executed.
14:47:02 INFO  : 'configparams mdm-detect-bscan-mask 2' command is executed.
14:47:05 ERROR : no targets found with "name =~ "microblaze*#0" && bscan=="USER2"  && jtag_cable_name =~ "Digilent Basys3 210183A6F4E1A"". available targets:
  2  whole scan chain (FT_Write returned 0, expected 150)
14:47:05 INFO  : ----------------XSDB Script----------------
connect -url tcp:127.0.0.1:3121
configparams mdm-detect-bscan-mask 2
targets -set -nocase -filter {name =~ "microblaze*#0" && bscan=="USER2"  && jtag_cable_name =~ "Digilent Basys3 210183A6F4E1A"} -index 0
----------------End of Script----------------

