
*** Running vivado
    with args -log design_1_wrapper.vds -m64 -product Vivado -mode batch -messageDb vivado.pb -notrace -source design_1_wrapper.tcl


****** Vivado v2019.1 (64-bit)
  **** SW Build 2552052 on Fri May 24 14:49:42 MDT 2019
  **** IP Build 2548770 on Fri May 24 18:01:18 MDT 2019
    ** Copyright 1986-2019 Xilinx, Inc. All Rights Reserved.

source design_1_wrapper.tcl -notrace
INFO: [IP_Flow 19-234] Refreshing IP repositories
INFO: [IP_Flow 19-1700] Loaded user IP repository 'c:/Users/mario/OneDrive/Desktop/vivado-library-master'.
INFO: [IP_Flow 19-2313] Loaded Vivado IP repository 'C:/Xilinx/Vivado/2019.1/data/ip'.
update_ip_catalog: Time (s): cpu = 00:00:07 ; elapsed = 00:00:16 . Memory (MB): peak = 418.988 ; gain = 23.844
add_files: Time (s): cpu = 00:00:13 ; elapsed = 00:00:22 . Memory (MB): peak = 443.191 ; gain = 24.203
Command: synth_design -top design_1_wrapper -part xc7a35tcpg236-1
Starting synth_design
Attempting to get a license for feature 'Synthesis' and/or device 'xc7a35t'
INFO: [Common 17-349] Got license for feature 'Synthesis' and/or device 'xc7a35t'
INFO: [Device 21-403] Loading part xc7a35tcpg236-1
INFO: Launching helper process for spawning children vivado processes
INFO: Helper process launched with PID 16264 
---------------------------------------------------------------------------------
Starting RTL Elaboration : Time (s): cpu = 00:00:15 ; elapsed = 00:00:18 . Memory (MB): peak = 876.492 ; gain = 177.957
---------------------------------------------------------------------------------
INFO: [Synth 8-6157] synthesizing module 'design_1_wrapper' [C:/Users/mario/OneDrive/Desktop/pmodESP32/pmodESP32.srcs/sources_1/bd/design_1/hdl/design_1_wrapper.v:12]
INFO: [Synth 8-6157] synthesizing module 'design_1' [C:/Users/mario/OneDrive/Desktop/pmodESP32/pmodESP32.srcs/sources_1/bd/design_1/synth/design_1.v:13]
INFO: [Synth 8-6157] synthesizing module 'design_1_PmodESP32_0_0' [C:/Users/mario/OneDrive/Desktop/pmodESP32/pmodESP32.runs/synth_1/.Xil/Vivado-24536-DESKTOP-SM2HSP3/realtime/design_1_PmodESP32_0_0_stub.v:6]
INFO: [Synth 8-6155] done synthesizing module 'design_1_PmodESP32_0_0' (1#1) [C:/Users/mario/OneDrive/Desktop/pmodESP32/pmodESP32.runs/synth_1/.Xil/Vivado-24536-DESKTOP-SM2HSP3/realtime/design_1_PmodESP32_0_0_stub.v:6]
INFO: [Synth 8-6157] synthesizing module 'design_1_axi_gpio_0_0' [C:/Users/mario/OneDrive/Desktop/pmodESP32/pmodESP32.runs/synth_1/.Xil/Vivado-24536-DESKTOP-SM2HSP3/realtime/design_1_axi_gpio_0_0_stub.v:6]
INFO: [Synth 8-6155] done synthesizing module 'design_1_axi_gpio_0_0' (2#1) [C:/Users/mario/OneDrive/Desktop/pmodESP32/pmodESP32.runs/synth_1/.Xil/Vivado-24536-DESKTOP-SM2HSP3/realtime/design_1_axi_gpio_0_0_stub.v:6]
INFO: [Synth 8-6157] synthesizing module 'design_1_axi_uartlite_0_0' [C:/Users/mario/OneDrive/Desktop/pmodESP32/pmodESP32.runs/synth_1/.Xil/Vivado-24536-DESKTOP-SM2HSP3/realtime/design_1_axi_uartlite_0_0_stub.v:6]
INFO: [Synth 8-6155] done synthesizing module 'design_1_axi_uartlite_0_0' (3#1) [C:/Users/mario/OneDrive/Desktop/pmodESP32/pmodESP32.runs/synth_1/.Xil/Vivado-24536-DESKTOP-SM2HSP3/realtime/design_1_axi_uartlite_0_0_stub.v:6]
INFO: [Synth 8-6157] synthesizing module 'design_1_clk_wiz_0_0' [C:/Users/mario/OneDrive/Desktop/pmodESP32/pmodESP32.runs/synth_1/.Xil/Vivado-24536-DESKTOP-SM2HSP3/realtime/design_1_clk_wiz_0_0_stub.v:5]
INFO: [Synth 8-6155] done synthesizing module 'design_1_clk_wiz_0_0' (4#1) [C:/Users/mario/OneDrive/Desktop/pmodESP32/pmodESP32.runs/synth_1/.Xil/Vivado-24536-DESKTOP-SM2HSP3/realtime/design_1_clk_wiz_0_0_stub.v:5]
INFO: [Synth 8-6157] synthesizing module 'design_1_mdm_1_0' [C:/Users/mario/OneDrive/Desktop/pmodESP32/pmodESP32.runs/synth_1/.Xil/Vivado-24536-DESKTOP-SM2HSP3/realtime/design_1_mdm_1_0_stub.v:6]
INFO: [Synth 8-6155] done synthesizing module 'design_1_mdm_1_0' (5#1) [C:/Users/mario/OneDrive/Desktop/pmodESP32/pmodESP32.runs/synth_1/.Xil/Vivado-24536-DESKTOP-SM2HSP3/realtime/design_1_mdm_1_0_stub.v:6]
WARNING: [Synth 8-7023] instance 'mdm_1' of module 'design_1_mdm_1_0' has 30 connections declared, but only 29 given [C:/Users/mario/OneDrive/Desktop/pmodESP32/pmodESP32.srcs/sources_1/bd/design_1/synth/design_1.v:469]
INFO: [Synth 8-6157] synthesizing module 'design_1_microblaze_0_0' [C:/Users/mario/OneDrive/Desktop/pmodESP32/pmodESP32.runs/synth_1/.Xil/Vivado-24536-DESKTOP-SM2HSP3/realtime/design_1_microblaze_0_0_stub.v:6]
INFO: [Synth 8-6155] done synthesizing module 'design_1_microblaze_0_0' (6#1) [C:/Users/mario/OneDrive/Desktop/pmodESP32/pmodESP32.runs/synth_1/.Xil/Vivado-24536-DESKTOP-SM2HSP3/realtime/design_1_microblaze_0_0_stub.v:6]
WARNING: [Synth 8-7023] instance 'microblaze_0' of module 'design_1_microblaze_0_0' has 126 connections declared, but only 108 given [C:/Users/mario/OneDrive/Desktop/pmodESP32/pmodESP32.srcs/sources_1/bd/design_1/synth/design_1.v:501]
INFO: [Synth 8-6157] synthesizing module 'design_1_microblaze_0_axi_intc_0' [C:/Users/mario/OneDrive/Desktop/pmodESP32/pmodESP32.runs/synth_1/.Xil/Vivado-24536-DESKTOP-SM2HSP3/realtime/design_1_microblaze_0_axi_intc_0_stub.v:6]
INFO: [Synth 8-6155] done synthesizing module 'design_1_microblaze_0_axi_intc_0' (7#1) [C:/Users/mario/OneDrive/Desktop/pmodESP32/pmodESP32.runs/synth_1/.Xil/Vivado-24536-DESKTOP-SM2HSP3/realtime/design_1_microblaze_0_axi_intc_0_stub.v:6]
INFO: [Synth 8-6157] synthesizing module 'design_1_microblaze_0_axi_periph_0' [C:/Users/mario/OneDrive/Desktop/pmodESP32/pmodESP32.srcs/sources_1/bd/design_1/synth/design_1.v:864]
INFO: [Synth 8-6157] synthesizing module 'm00_couplers_imp_8RVYHO' [C:/Users/mario/OneDrive/Desktop/pmodESP32/pmodESP32.srcs/sources_1/bd/design_1/synth/design_1.v:2138]
INFO: [Synth 8-6155] done synthesizing module 'm00_couplers_imp_8RVYHO' (8#1) [C:/Users/mario/OneDrive/Desktop/pmodESP32/pmodESP32.srcs/sources_1/bd/design_1/synth/design_1.v:2138]
INFO: [Synth 8-6157] synthesizing module 'm01_couplers_imp_1UTB3Y5' [C:/Users/mario/OneDrive/Desktop/pmodESP32/pmodESP32.srcs/sources_1/bd/design_1/synth/design_1.v:2270]
INFO: [Synth 8-6155] done synthesizing module 'm01_couplers_imp_1UTB3Y5' (9#1) [C:/Users/mario/OneDrive/Desktop/pmodESP32/pmodESP32.srcs/sources_1/bd/design_1/synth/design_1.v:2270]
INFO: [Synth 8-6157] synthesizing module 'm02_couplers_imp_7ANRHB' [C:/Users/mario/OneDrive/Desktop/pmodESP32/pmodESP32.srcs/sources_1/bd/design_1/synth/design_1.v:2402]
INFO: [Synth 8-6155] done synthesizing module 'm02_couplers_imp_7ANRHB' (10#1) [C:/Users/mario/OneDrive/Desktop/pmodESP32/pmodESP32.srcs/sources_1/bd/design_1/synth/design_1.v:2402]
INFO: [Synth 8-6157] synthesizing module 'm03_couplers_imp_1W07O72' [C:/Users/mario/OneDrive/Desktop/pmodESP32/pmodESP32.srcs/sources_1/bd/design_1/synth/design_1.v:2534]
INFO: [Synth 8-6155] done synthesizing module 'm03_couplers_imp_1W07O72' (11#1) [C:/Users/mario/OneDrive/Desktop/pmodESP32/pmodESP32.srcs/sources_1/bd/design_1/synth/design_1.v:2534]
INFO: [Synth 8-6157] synthesizing module 'm04_couplers_imp_5LX7BU' [C:/Users/mario/OneDrive/Desktop/pmodESP32/pmodESP32.srcs/sources_1/bd/design_1/synth/design_1.v:2666]
INFO: [Synth 8-6155] done synthesizing module 'm04_couplers_imp_5LX7BU' (12#1) [C:/Users/mario/OneDrive/Desktop/pmodESP32/pmodESP32.srcs/sources_1/bd/design_1/synth/design_1.v:2666]
INFO: [Synth 8-6157] synthesizing module 'm05_couplers_imp_1XR4ZAZ' [C:/Users/mario/OneDrive/Desktop/pmodESP32/pmodESP32.srcs/sources_1/bd/design_1/synth/design_1.v:2798]
INFO: [Synth 8-6155] done synthesizing module 'm05_couplers_imp_1XR4ZAZ' (13#1) [C:/Users/mario/OneDrive/Desktop/pmodESP32/pmodESP32.srcs/sources_1/bd/design_1/synth/design_1.v:2798]
INFO: [Synth 8-6157] synthesizing module 's00_couplers_imp_1RZP34U' [C:/Users/mario/OneDrive/Desktop/pmodESP32/pmodESP32.srcs/sources_1/bd/design_1/synth/design_1.v:3164]
INFO: [Synth 8-6155] done synthesizing module 's00_couplers_imp_1RZP34U' (14#1) [C:/Users/mario/OneDrive/Desktop/pmodESP32/pmodESP32.srcs/sources_1/bd/design_1/synth/design_1.v:3164]
INFO: [Synth 8-6157] synthesizing module 's01_couplers_imp_2REGHR' [C:/Users/mario/OneDrive/Desktop/pmodESP32/pmodESP32.srcs/sources_1/bd/design_1/synth/design_1.v:3310]
INFO: [Synth 8-6157] synthesizing module 'design_1_auto_pc_0' [C:/Users/mario/OneDrive/Desktop/pmodESP32/pmodESP32.runs/synth_1/.Xil/Vivado-24536-DESKTOP-SM2HSP3/realtime/design_1_auto_pc_0_stub.v:6]
INFO: [Synth 8-6155] done synthesizing module 'design_1_auto_pc_0' (15#1) [C:/Users/mario/OneDrive/Desktop/pmodESP32/pmodESP32.runs/synth_1/.Xil/Vivado-24536-DESKTOP-SM2HSP3/realtime/design_1_auto_pc_0_stub.v:6]
INFO: [Synth 8-6155] done synthesizing module 's01_couplers_imp_2REGHR' (16#1) [C:/Users/mario/OneDrive/Desktop/pmodESP32/pmodESP32.srcs/sources_1/bd/design_1/synth/design_1.v:3310]
INFO: [Synth 8-6157] synthesizing module 's02_couplers_imp_1R40M8T' [C:/Users/mario/OneDrive/Desktop/pmodESP32/pmodESP32.srcs/sources_1/bd/design_1/synth/design_1.v:3592]
INFO: [Synth 8-6157] synthesizing module 'design_1_auto_pc_1' [C:/Users/mario/OneDrive/Desktop/pmodESP32/pmodESP32.runs/synth_1/.Xil/Vivado-24536-DESKTOP-SM2HSP3/realtime/design_1_auto_pc_1_stub.v:6]
INFO: [Synth 8-6155] done synthesizing module 'design_1_auto_pc_1' (17#1) [C:/Users/mario/OneDrive/Desktop/pmodESP32/pmodESP32.runs/synth_1/.Xil/Vivado-24536-DESKTOP-SM2HSP3/realtime/design_1_auto_pc_1_stub.v:6]
INFO: [Synth 8-6155] done synthesizing module 's02_couplers_imp_1R40M8T' (18#1) [C:/Users/mario/OneDrive/Desktop/pmodESP32/pmodESP32.srcs/sources_1/bd/design_1/synth/design_1.v:3592]
INFO: [Synth 8-6157] synthesizing module 'design_1_xbar_0' [C:/Users/mario/OneDrive/Desktop/pmodESP32/pmodESP32.runs/synth_1/.Xil/Vivado-24536-DESKTOP-SM2HSP3/realtime/design_1_xbar_0_stub.v:6]
INFO: [Synth 8-6155] done synthesizing module 'design_1_xbar_0' (19#1) [C:/Users/mario/OneDrive/Desktop/pmodESP32/pmodESP32.runs/synth_1/.Xil/Vivado-24536-DESKTOP-SM2HSP3/realtime/design_1_xbar_0_stub.v:6]
WARNING: [Synth 8-689] width (2) of port connection 's_axi_awready' does not match port width (3) of module 'design_1_xbar_0' [C:/Users/mario/OneDrive/Desktop/pmodESP32/pmodESP32.srcs/sources_1/bd/design_1/synth/design_1.v:2123]
WARNING: [Synth 8-689] width (4) of port connection 's_axi_bresp' does not match port width (6) of module 'design_1_xbar_0' [C:/Users/mario/OneDrive/Desktop/pmodESP32/pmodESP32.srcs/sources_1/bd/design_1/synth/design_1.v:2126]
WARNING: [Synth 8-689] width (2) of port connection 's_axi_bvalid' does not match port width (3) of module 'design_1_xbar_0' [C:/Users/mario/OneDrive/Desktop/pmodESP32/pmodESP32.srcs/sources_1/bd/design_1/synth/design_1.v:2127]
WARNING: [Synth 8-689] width (2) of port connection 's_axi_wready' does not match port width (3) of module 'design_1_xbar_0' [C:/Users/mario/OneDrive/Desktop/pmodESP32/pmodESP32.srcs/sources_1/bd/design_1/synth/design_1.v:2133]
WARNING: [Synth 8-7023] instance 'xbar' of module 'design_1_xbar_0' has 40 connections declared, but only 38 given [C:/Users/mario/OneDrive/Desktop/pmodESP32/pmodESP32.srcs/sources_1/bd/design_1/synth/design_1.v:2097]
INFO: [Synth 8-6155] done synthesizing module 'design_1_microblaze_0_axi_periph_0' (20#1) [C:/Users/mario/OneDrive/Desktop/pmodESP32/pmodESP32.srcs/sources_1/bd/design_1/synth/design_1.v:864]
INFO: [Synth 8-6157] synthesizing module 'microblaze_0_local_memory_imp_1K0VQXK' [C:/Users/mario/OneDrive/Desktop/pmodESP32/pmodESP32.srcs/sources_1/bd/design_1/synth/design_1.v:2930]
INFO: [Synth 8-6157] synthesizing module 'design_1_dlmb_bram_if_cntlr_0' [C:/Users/mario/OneDrive/Desktop/pmodESP32/pmodESP32.runs/synth_1/.Xil/Vivado-24536-DESKTOP-SM2HSP3/realtime/design_1_dlmb_bram_if_cntlr_0_stub.v:6]
INFO: [Synth 8-6155] done synthesizing module 'design_1_dlmb_bram_if_cntlr_0' (21#1) [C:/Users/mario/OneDrive/Desktop/pmodESP32/pmodESP32.runs/synth_1/.Xil/Vivado-24536-DESKTOP-SM2HSP3/realtime/design_1_dlmb_bram_if_cntlr_0_stub.v:6]
INFO: [Synth 8-6157] synthesizing module 'design_1_dlmb_v10_0' [C:/Users/mario/OneDrive/Desktop/pmodESP32/pmodESP32.runs/synth_1/.Xil/Vivado-24536-DESKTOP-SM2HSP3/realtime/design_1_dlmb_v10_0_stub.v:6]
INFO: [Synth 8-6155] done synthesizing module 'design_1_dlmb_v10_0' (22#1) [C:/Users/mario/OneDrive/Desktop/pmodESP32/pmodESP32.runs/synth_1/.Xil/Vivado-24536-DESKTOP-SM2HSP3/realtime/design_1_dlmb_v10_0_stub.v:6]
WARNING: [Synth 8-7023] instance 'dlmb_v10' of module 'design_1_dlmb_v10_0' has 25 connections declared, but only 24 given [C:/Users/mario/OneDrive/Desktop/pmodESP32/pmodESP32.srcs/sources_1/bd/design_1/synth/design_1.v:3076]
INFO: [Synth 8-6157] synthesizing module 'design_1_ilmb_bram_if_cntlr_0' [C:/Users/mario/OneDrive/Desktop/pmodESP32/pmodESP32.runs/synth_1/.Xil/Vivado-24536-DESKTOP-SM2HSP3/realtime/design_1_ilmb_bram_if_cntlr_0_stub.v:6]
INFO: [Synth 8-6155] done synthesizing module 'design_1_ilmb_bram_if_cntlr_0' (23#1) [C:/Users/mario/OneDrive/Desktop/pmodESP32/pmodESP32.runs/synth_1/.Xil/Vivado-24536-DESKTOP-SM2HSP3/realtime/design_1_ilmb_bram_if_cntlr_0_stub.v:6]
INFO: [Synth 8-6157] synthesizing module 'design_1_ilmb_v10_0' [C:/Users/mario/OneDrive/Desktop/pmodESP32/pmodESP32.runs/synth_1/.Xil/Vivado-24536-DESKTOP-SM2HSP3/realtime/design_1_ilmb_v10_0_stub.v:6]
INFO: [Synth 8-6155] done synthesizing module 'design_1_ilmb_v10_0' (24#1) [C:/Users/mario/OneDrive/Desktop/pmodESP32/pmodESP32.runs/synth_1/.Xil/Vivado-24536-DESKTOP-SM2HSP3/realtime/design_1_ilmb_v10_0_stub.v:6]
WARNING: [Synth 8-7023] instance 'ilmb_v10' of module 'design_1_ilmb_v10_0' has 25 connections declared, but only 24 given [C:/Users/mario/OneDrive/Desktop/pmodESP32/pmodESP32.srcs/sources_1/bd/design_1/synth/design_1.v:3122]
INFO: [Synth 8-6157] synthesizing module 'design_1_lmb_bram_0' [C:/Users/mario/OneDrive/Desktop/pmodESP32/pmodESP32.runs/synth_1/.Xil/Vivado-24536-DESKTOP-SM2HSP3/realtime/design_1_lmb_bram_0_stub.v:6]
INFO: [Synth 8-6155] done synthesizing module 'design_1_lmb_bram_0' (25#1) [C:/Users/mario/OneDrive/Desktop/pmodESP32/pmodESP32.runs/synth_1/.Xil/Vivado-24536-DESKTOP-SM2HSP3/realtime/design_1_lmb_bram_0_stub.v:6]
WARNING: [Synth 8-7023] instance 'lmb_bram' of module 'design_1_lmb_bram_0' has 16 connections declared, but only 14 given [C:/Users/mario/OneDrive/Desktop/pmodESP32/pmodESP32.srcs/sources_1/bd/design_1/synth/design_1.v:3147]
INFO: [Synth 8-6155] done synthesizing module 'microblaze_0_local_memory_imp_1K0VQXK' (26#1) [C:/Users/mario/OneDrive/Desktop/pmodESP32/pmodESP32.srcs/sources_1/bd/design_1/synth/design_1.v:2930]
INFO: [Synth 8-6157] synthesizing module 'design_1_microblaze_0_xlconcat_0' [c:/Users/mario/OneDrive/Desktop/pmodESP32/pmodESP32.srcs/sources_1/bd/design_1/ip/design_1_microblaze_0_xlconcat_0/synth/design_1_microblaze_0_xlconcat_0.v:58]
INFO: [Synth 8-6157] synthesizing module 'xlconcat_v2_1_3_xlconcat' [c:/Users/mario/OneDrive/Desktop/pmodESP32/pmodESP32.srcs/sources_1/bd/design_1/ipshared/442e/hdl/xlconcat_v2_1_vl_rfs.v:14]
	Parameter IN0_WIDTH bound to: 1 - type: integer 
	Parameter IN1_WIDTH bound to: 1 - type: integer 
	Parameter IN2_WIDTH bound to: 1 - type: integer 
	Parameter IN3_WIDTH bound to: 1 - type: integer 
	Parameter IN4_WIDTH bound to: 1 - type: integer 
	Parameter IN5_WIDTH bound to: 1 - type: integer 
	Parameter IN6_WIDTH bound to: 1 - type: integer 
	Parameter IN7_WIDTH bound to: 1 - type: integer 
	Parameter IN8_WIDTH bound to: 1 - type: integer 
	Parameter IN9_WIDTH bound to: 1 - type: integer 
	Parameter IN10_WIDTH bound to: 1 - type: integer 
	Parameter IN11_WIDTH bound to: 1 - type: integer 
	Parameter IN12_WIDTH bound to: 1 - type: integer 
	Parameter IN13_WIDTH bound to: 1 - type: integer 
	Parameter IN14_WIDTH bound to: 1 - type: integer 
	Parameter IN15_WIDTH bound to: 1 - type: integer 
	Parameter IN16_WIDTH bound to: 1 - type: integer 
	Parameter IN17_WIDTH bound to: 1 - type: integer 
	Parameter IN18_WIDTH bound to: 1 - type: integer 
	Parameter IN19_WIDTH bound to: 1 - type: integer 
	Parameter IN20_WIDTH bound to: 1 - type: integer 
	Parameter IN21_WIDTH bound to: 1 - type: integer 
	Parameter IN22_WIDTH bound to: 1 - type: integer 
	Parameter IN23_WIDTH bound to: 1 - type: integer 
	Parameter IN24_WIDTH bound to: 1 - type: integer 
	Parameter IN25_WIDTH bound to: 1 - type: integer 
	Parameter IN26_WIDTH bound to: 1 - type: integer 
	Parameter IN27_WIDTH bound to: 1 - type: integer 
	Parameter IN28_WIDTH bound to: 1 - type: integer 
	Parameter IN29_WIDTH bound to: 1 - type: integer 
	Parameter IN30_WIDTH bound to: 1 - type: integer 
	Parameter IN31_WIDTH bound to: 1 - type: integer 
	Parameter dout_width bound to: 3 - type: integer 
	Parameter NUM_PORTS bound to: 3 - type: integer 
INFO: [Synth 8-6155] done synthesizing module 'xlconcat_v2_1_3_xlconcat' (27#1) [c:/Users/mario/OneDrive/Desktop/pmodESP32/pmodESP32.srcs/sources_1/bd/design_1/ipshared/442e/hdl/xlconcat_v2_1_vl_rfs.v:14]
INFO: [Synth 8-6155] done synthesizing module 'design_1_microblaze_0_xlconcat_0' (28#1) [c:/Users/mario/OneDrive/Desktop/pmodESP32/pmodESP32.srcs/sources_1/bd/design_1/ip/design_1_microblaze_0_xlconcat_0/synth/design_1_microblaze_0_xlconcat_0.v:58]
INFO: [Synth 8-6157] synthesizing module 'design_1_rst_clk_wiz_0_100M_0' [C:/Users/mario/OneDrive/Desktop/pmodESP32/pmodESP32.runs/synth_1/.Xil/Vivado-24536-DESKTOP-SM2HSP3/realtime/design_1_rst_clk_wiz_0_100M_0_stub.v:6]
INFO: [Synth 8-6155] done synthesizing module 'design_1_rst_clk_wiz_0_100M_0' (29#1) [C:/Users/mario/OneDrive/Desktop/pmodESP32/pmodESP32.runs/synth_1/.Xil/Vivado-24536-DESKTOP-SM2HSP3/realtime/design_1_rst_clk_wiz_0_100M_0_stub.v:6]
WARNING: [Synth 8-7023] instance 'rst_clk_wiz_0_100M' of module 'design_1_rst_clk_wiz_0_100M_0' has 10 connections declared, but only 8 given [C:/Users/mario/OneDrive/Desktop/pmodESP32/pmodESP32.srcs/sources_1/bd/design_1/synth/design_1.v:853]
INFO: [Synth 8-6155] done synthesizing module 'design_1' (30#1) [C:/Users/mario/OneDrive/Desktop/pmodESP32/pmodESP32.srcs/sources_1/bd/design_1/synth/design_1.v:13]
INFO: [Synth 8-6157] synthesizing module 'IOBUF' [C:/Xilinx/Vivado/2019.1/scripts/rt/data/unisim_comp.v:36115]
	Parameter DRIVE bound to: 12 - type: integer 
	Parameter IBUF_LOW_PWR bound to: TRUE - type: string 
	Parameter IOSTANDARD bound to: DEFAULT - type: string 
	Parameter SLEW bound to: SLOW - type: string 
INFO: [Synth 8-6155] done synthesizing module 'IOBUF' (31#1) [C:/Xilinx/Vivado/2019.1/scripts/rt/data/unisim_comp.v:36115]
INFO: [Synth 8-6155] done synthesizing module 'design_1_wrapper' (32#1) [C:/Users/mario/OneDrive/Desktop/pmodESP32/pmodESP32.srcs/sources_1/bd/design_1/hdl/design_1_wrapper.v:12]
WARNING: [Synth 8-3331] design xlconcat_v2_1_3_xlconcat has unconnected port In3[0]
WARNING: [Synth 8-3331] design xlconcat_v2_1_3_xlconcat has unconnected port In4[0]
WARNING: [Synth 8-3331] design xlconcat_v2_1_3_xlconcat has unconnected port In5[0]
WARNING: [Synth 8-3331] design xlconcat_v2_1_3_xlconcat has unconnected port In6[0]
WARNING: [Synth 8-3331] design xlconcat_v2_1_3_xlconcat has unconnected port In7[0]
WARNING: [Synth 8-3331] design xlconcat_v2_1_3_xlconcat has unconnected port In8[0]
WARNING: [Synth 8-3331] design xlconcat_v2_1_3_xlconcat has unconnected port In9[0]
WARNING: [Synth 8-3331] design xlconcat_v2_1_3_xlconcat has unconnected port In10[0]
WARNING: [Synth 8-3331] design xlconcat_v2_1_3_xlconcat has unconnected port In11[0]
WARNING: [Synth 8-3331] design xlconcat_v2_1_3_xlconcat has unconnected port In12[0]
WARNING: [Synth 8-3331] design xlconcat_v2_1_3_xlconcat has unconnected port In13[0]
WARNING: [Synth 8-3331] design xlconcat_v2_1_3_xlconcat has unconnected port In14[0]
WARNING: [Synth 8-3331] design xlconcat_v2_1_3_xlconcat has unconnected port In15[0]
WARNING: [Synth 8-3331] design xlconcat_v2_1_3_xlconcat has unconnected port In16[0]
WARNING: [Synth 8-3331] design xlconcat_v2_1_3_xlconcat has unconnected port In17[0]
WARNING: [Synth 8-3331] design xlconcat_v2_1_3_xlconcat has unconnected port In18[0]
WARNING: [Synth 8-3331] design xlconcat_v2_1_3_xlconcat has unconnected port In19[0]
WARNING: [Synth 8-3331] design xlconcat_v2_1_3_xlconcat has unconnected port In20[0]
WARNING: [Synth 8-3331] design xlconcat_v2_1_3_xlconcat has unconnected port In21[0]
WARNING: [Synth 8-3331] design xlconcat_v2_1_3_xlconcat has unconnected port In22[0]
WARNING: [Synth 8-3331] design xlconcat_v2_1_3_xlconcat has unconnected port In23[0]
WARNING: [Synth 8-3331] design xlconcat_v2_1_3_xlconcat has unconnected port In24[0]
WARNING: [Synth 8-3331] design xlconcat_v2_1_3_xlconcat has unconnected port In25[0]
WARNING: [Synth 8-3331] design xlconcat_v2_1_3_xlconcat has unconnected port In26[0]
WARNING: [Synth 8-3331] design xlconcat_v2_1_3_xlconcat has unconnected port In27[0]
WARNING: [Synth 8-3331] design xlconcat_v2_1_3_xlconcat has unconnected port In28[0]
WARNING: [Synth 8-3331] design xlconcat_v2_1_3_xlconcat has unconnected port In29[0]
WARNING: [Synth 8-3331] design xlconcat_v2_1_3_xlconcat has unconnected port In30[0]
WARNING: [Synth 8-3331] design xlconcat_v2_1_3_xlconcat has unconnected port In31[0]
WARNING: [Synth 8-3331] design s02_couplers_imp_1R40M8T has unconnected port M_ACLK
WARNING: [Synth 8-3331] design s02_couplers_imp_1R40M8T has unconnected port M_ARESETN
WARNING: [Synth 8-3331] design s01_couplers_imp_2REGHR has unconnected port M_ACLK
WARNING: [Synth 8-3331] design s01_couplers_imp_2REGHR has unconnected port M_ARESETN
WARNING: [Synth 8-3331] design s00_couplers_imp_1RZP34U has unconnected port M_ACLK
WARNING: [Synth 8-3331] design s00_couplers_imp_1RZP34U has unconnected port M_ARESETN
WARNING: [Synth 8-3331] design s00_couplers_imp_1RZP34U has unconnected port S_ACLK
WARNING: [Synth 8-3331] design s00_couplers_imp_1RZP34U has unconnected port S_ARESETN
WARNING: [Synth 8-3331] design m05_couplers_imp_1XR4ZAZ has unconnected port M_ACLK
WARNING: [Synth 8-3331] design m05_couplers_imp_1XR4ZAZ has unconnected port M_ARESETN
WARNING: [Synth 8-3331] design m05_couplers_imp_1XR4ZAZ has unconnected port S_ACLK
WARNING: [Synth 8-3331] design m05_couplers_imp_1XR4ZAZ has unconnected port S_ARESETN
WARNING: [Synth 8-3331] design m04_couplers_imp_5LX7BU has unconnected port M_ACLK
WARNING: [Synth 8-3331] design m04_couplers_imp_5LX7BU has unconnected port M_ARESETN
WARNING: [Synth 8-3331] design m04_couplers_imp_5LX7BU has unconnected port S_ACLK
WARNING: [Synth 8-3331] design m04_couplers_imp_5LX7BU has unconnected port S_ARESETN
WARNING: [Synth 8-3331] design m03_couplers_imp_1W07O72 has unconnected port M_ACLK
WARNING: [Synth 8-3331] design m03_couplers_imp_1W07O72 has unconnected port M_ARESETN
WARNING: [Synth 8-3331] design m03_couplers_imp_1W07O72 has unconnected port S_ACLK
WARNING: [Synth 8-3331] design m03_couplers_imp_1W07O72 has unconnected port S_ARESETN
WARNING: [Synth 8-3331] design m02_couplers_imp_7ANRHB has unconnected port M_ACLK
WARNING: [Synth 8-3331] design m02_couplers_imp_7ANRHB has unconnected port M_ARESETN
WARNING: [Synth 8-3331] design m02_couplers_imp_7ANRHB has unconnected port S_ACLK
WARNING: [Synth 8-3331] design m02_couplers_imp_7ANRHB has unconnected port S_ARESETN
WARNING: [Synth 8-3331] design m01_couplers_imp_1UTB3Y5 has unconnected port M_ACLK
WARNING: [Synth 8-3331] design m01_couplers_imp_1UTB3Y5 has unconnected port M_ARESETN
WARNING: [Synth 8-3331] design m01_couplers_imp_1UTB3Y5 has unconnected port S_ACLK
WARNING: [Synth 8-3331] design m01_couplers_imp_1UTB3Y5 has unconnected port S_ARESETN
WARNING: [Synth 8-3331] design m00_couplers_imp_8RVYHO has unconnected port M_ACLK
WARNING: [Synth 8-3331] design m00_couplers_imp_8RVYHO has unconnected port M_ARESETN
WARNING: [Synth 8-3331] design m00_couplers_imp_8RVYHO has unconnected port S_ACLK
WARNING: [Synth 8-3331] design m00_couplers_imp_8RVYHO has unconnected port S_ARESETN
WARNING: [Synth 8-3331] design design_1_microblaze_0_axi_periph_0 has unconnected port M00_ACLK
WARNING: [Synth 8-3331] design design_1_microblaze_0_axi_periph_0 has unconnected port M00_ARESETN
WARNING: [Synth 8-3331] design design_1_microblaze_0_axi_periph_0 has unconnected port M01_ACLK
WARNING: [Synth 8-3331] design design_1_microblaze_0_axi_periph_0 has unconnected port M01_ARESETN
WARNING: [Synth 8-3331] design design_1_microblaze_0_axi_periph_0 has unconnected port M02_ACLK
WARNING: [Synth 8-3331] design design_1_microblaze_0_axi_periph_0 has unconnected port M02_ARESETN
WARNING: [Synth 8-3331] design design_1_microblaze_0_axi_periph_0 has unconnected port M03_ACLK
WARNING: [Synth 8-3331] design design_1_microblaze_0_axi_periph_0 has unconnected port M03_ARESETN
WARNING: [Synth 8-3331] design design_1_microblaze_0_axi_periph_0 has unconnected port M04_ACLK
WARNING: [Synth 8-3331] design design_1_microblaze_0_axi_periph_0 has unconnected port M04_ARESETN
WARNING: [Synth 8-3331] design design_1_microblaze_0_axi_periph_0 has unconnected port M05_ACLK
WARNING: [Synth 8-3331] design design_1_microblaze_0_axi_periph_0 has unconnected port M05_ARESETN
WARNING: [Synth 8-3331] design design_1_microblaze_0_axi_periph_0 has unconnected port S00_ACLK
WARNING: [Synth 8-3331] design design_1_microblaze_0_axi_periph_0 has unconnected port S00_ARESETN
WARNING: [Synth 8-3331] design design_1_microblaze_0_axi_periph_0 has unconnected port S01_ACLK
WARNING: [Synth 8-3331] design design_1_microblaze_0_axi_periph_0 has unconnected port S01_ARESETN
WARNING: [Synth 8-3331] design design_1_microblaze_0_axi_periph_0 has unconnected port S02_ACLK
WARNING: [Synth 8-3331] design design_1_microblaze_0_axi_periph_0 has unconnected port S02_ARESETN
---------------------------------------------------------------------------------
Finished RTL Elaboration : Time (s): cpu = 00:00:22 ; elapsed = 00:00:29 . Memory (MB): peak = 946.230 ; gain = 247.695
---------------------------------------------------------------------------------

Report Check Netlist: 
+------+------------------+-------+---------+-------+------------------+
|      |Item              |Errors |Warnings |Status |Description       |
+------+------------------+-------+---------+-------+------------------+
|1     |multi_driven_nets |      0|        0|Passed |Multi driven nets |
+------+------------------+-------+---------+-------+------------------+
---------------------------------------------------------------------------------
Start Handling Custom Attributes
---------------------------------------------------------------------------------
---------------------------------------------------------------------------------
Finished Handling Custom Attributes : Time (s): cpu = 00:00:23 ; elapsed = 00:00:32 . Memory (MB): peak = 946.230 ; gain = 247.695
---------------------------------------------------------------------------------
---------------------------------------------------------------------------------
Finished RTL Optimization Phase 1 : Time (s): cpu = 00:00:23 ; elapsed = 00:00:32 . Memory (MB): peak = 946.230 ; gain = 247.695
---------------------------------------------------------------------------------
INFO: [Netlist 29-17] Analyzing 24 Unisim elements for replacement
INFO: [Netlist 29-28] Unisim Transformation completed in 0 CPU seconds
INFO: [Project 1-570] Preparing netlist for logic optimization

Processing XDC Constraints
Initializing timing engine
Parsing XDC File [c:/Users/mario/OneDrive/Desktop/pmodESP32/pmodESP32.srcs/sources_1/bd/design_1/ip/design_1_axi_gpio_0_0/design_1_axi_gpio_0_0/design_1_axi_gpio_0_0_in_context.xdc] for cell 'design_1_i/axi_gpio_0'
Finished Parsing XDC File [c:/Users/mario/OneDrive/Desktop/pmodESP32/pmodESP32.srcs/sources_1/bd/design_1/ip/design_1_axi_gpio_0_0/design_1_axi_gpio_0_0/design_1_axi_gpio_0_0_in_context.xdc] for cell 'design_1_i/axi_gpio_0'
Parsing XDC File [c:/Users/mario/OneDrive/Desktop/pmodESP32/pmodESP32.srcs/sources_1/bd/design_1/ip/design_1_clk_wiz_0_0/design_1_clk_wiz_0_0/design_1_clk_wiz_0_0_in_context.xdc] for cell 'design_1_i/clk_wiz_0'
Finished Parsing XDC File [c:/Users/mario/OneDrive/Desktop/pmodESP32/pmodESP32.srcs/sources_1/bd/design_1/ip/design_1_clk_wiz_0_0/design_1_clk_wiz_0_0/design_1_clk_wiz_0_0_in_context.xdc] for cell 'design_1_i/clk_wiz_0'
Parsing XDC File [c:/Users/mario/OneDrive/Desktop/pmodESP32/pmodESP32.srcs/sources_1/bd/design_1/ip/design_1_axi_uartlite_0_0/design_1_axi_uartlite_0_0/design_1_axi_uartlite_0_0_in_context.xdc] for cell 'design_1_i/axi_uartlite_0'
Finished Parsing XDC File [c:/Users/mario/OneDrive/Desktop/pmodESP32/pmodESP32.srcs/sources_1/bd/design_1/ip/design_1_axi_uartlite_0_0/design_1_axi_uartlite_0_0/design_1_axi_uartlite_0_0_in_context.xdc] for cell 'design_1_i/axi_uartlite_0'
Parsing XDC File [c:/Users/mario/OneDrive/Desktop/pmodESP32/pmodESP32.srcs/sources_1/bd/design_1/ip/design_1_microblaze_0_0/design_1_microblaze_0_0/design_1_microblaze_0_0_in_context.xdc] for cell 'design_1_i/microblaze_0'
Finished Parsing XDC File [c:/Users/mario/OneDrive/Desktop/pmodESP32/pmodESP32.srcs/sources_1/bd/design_1/ip/design_1_microblaze_0_0/design_1_microblaze_0_0/design_1_microblaze_0_0_in_context.xdc] for cell 'design_1_i/microblaze_0'
Parsing XDC File [c:/Users/mario/OneDrive/Desktop/pmodESP32/pmodESP32.srcs/sources_1/bd/design_1/ip/design_1_dlmb_v10_0/design_1_dlmb_v10_0/design_1_ilmb_v10_0_in_context.xdc] for cell 'design_1_i/microblaze_0_local_memory/dlmb_v10'
Finished Parsing XDC File [c:/Users/mario/OneDrive/Desktop/pmodESP32/pmodESP32.srcs/sources_1/bd/design_1/ip/design_1_dlmb_v10_0/design_1_dlmb_v10_0/design_1_ilmb_v10_0_in_context.xdc] for cell 'design_1_i/microblaze_0_local_memory/dlmb_v10'
Parsing XDC File [c:/Users/mario/OneDrive/Desktop/pmodESP32/pmodESP32.srcs/sources_1/bd/design_1/ip/design_1_ilmb_v10_0/design_1_ilmb_v10_0/design_1_ilmb_v10_0_in_context.xdc] for cell 'design_1_i/microblaze_0_local_memory/ilmb_v10'
Finished Parsing XDC File [c:/Users/mario/OneDrive/Desktop/pmodESP32/pmodESP32.srcs/sources_1/bd/design_1/ip/design_1_ilmb_v10_0/design_1_ilmb_v10_0/design_1_ilmb_v10_0_in_context.xdc] for cell 'design_1_i/microblaze_0_local_memory/ilmb_v10'
Parsing XDC File [c:/Users/mario/OneDrive/Desktop/pmodESP32/pmodESP32.srcs/sources_1/bd/design_1/ip/design_1_dlmb_bram_if_cntlr_0/design_1_dlmb_bram_if_cntlr_0/design_1_dlmb_bram_if_cntlr_0_in_context.xdc] for cell 'design_1_i/microblaze_0_local_memory/dlmb_bram_if_cntlr'
Finished Parsing XDC File [c:/Users/mario/OneDrive/Desktop/pmodESP32/pmodESP32.srcs/sources_1/bd/design_1/ip/design_1_dlmb_bram_if_cntlr_0/design_1_dlmb_bram_if_cntlr_0/design_1_dlmb_bram_if_cntlr_0_in_context.xdc] for cell 'design_1_i/microblaze_0_local_memory/dlmb_bram_if_cntlr'
Parsing XDC File [c:/Users/mario/OneDrive/Desktop/pmodESP32/pmodESP32.srcs/sources_1/bd/design_1/ip/design_1_ilmb_bram_if_cntlr_0/design_1_ilmb_bram_if_cntlr_0/design_1_dlmb_bram_if_cntlr_0_in_context.xdc] for cell 'design_1_i/microblaze_0_local_memory/ilmb_bram_if_cntlr'
Finished Parsing XDC File [c:/Users/mario/OneDrive/Desktop/pmodESP32/pmodESP32.srcs/sources_1/bd/design_1/ip/design_1_ilmb_bram_if_cntlr_0/design_1_ilmb_bram_if_cntlr_0/design_1_dlmb_bram_if_cntlr_0_in_context.xdc] for cell 'design_1_i/microblaze_0_local_memory/ilmb_bram_if_cntlr'
Parsing XDC File [c:/Users/mario/OneDrive/Desktop/pmodESP32/pmodESP32.srcs/sources_1/bd/design_1/ip/design_1_lmb_bram_0/design_1_lmb_bram_0/design_1_lmb_bram_0_in_context.xdc] for cell 'design_1_i/microblaze_0_local_memory/lmb_bram'
Finished Parsing XDC File [c:/Users/mario/OneDrive/Desktop/pmodESP32/pmodESP32.srcs/sources_1/bd/design_1/ip/design_1_lmb_bram_0/design_1_lmb_bram_0/design_1_lmb_bram_0_in_context.xdc] for cell 'design_1_i/microblaze_0_local_memory/lmb_bram'
Parsing XDC File [c:/Users/mario/OneDrive/Desktop/pmodESP32/pmodESP32.srcs/sources_1/bd/design_1/ip/design_1_xbar_0/design_1_xbar_0/design_1_xbar_0_in_context.xdc] for cell 'design_1_i/microblaze_0_axi_periph/xbar'
Finished Parsing XDC File [c:/Users/mario/OneDrive/Desktop/pmodESP32/pmodESP32.srcs/sources_1/bd/design_1/ip/design_1_xbar_0/design_1_xbar_0/design_1_xbar_0_in_context.xdc] for cell 'design_1_i/microblaze_0_axi_periph/xbar'
Parsing XDC File [c:/Users/mario/OneDrive/Desktop/pmodESP32/pmodESP32.srcs/sources_1/bd/design_1/ip/design_1_microblaze_0_axi_intc_0/design_1_microblaze_0_axi_intc_0/design_1_microblaze_0_axi_intc_0_in_context.xdc] for cell 'design_1_i/microblaze_0_axi_intc'
Finished Parsing XDC File [c:/Users/mario/OneDrive/Desktop/pmodESP32/pmodESP32.srcs/sources_1/bd/design_1/ip/design_1_microblaze_0_axi_intc_0/design_1_microblaze_0_axi_intc_0/design_1_microblaze_0_axi_intc_0_in_context.xdc] for cell 'design_1_i/microblaze_0_axi_intc'
Parsing XDC File [c:/Users/mario/OneDrive/Desktop/pmodESP32/pmodESP32.srcs/sources_1/bd/design_1/ip/design_1_mdm_1_0/design_1_mdm_1_0/design_1_mdm_1_0_in_context.xdc] for cell 'design_1_i/mdm_1'
Finished Parsing XDC File [c:/Users/mario/OneDrive/Desktop/pmodESP32/pmodESP32.srcs/sources_1/bd/design_1/ip/design_1_mdm_1_0/design_1_mdm_1_0/design_1_mdm_1_0_in_context.xdc] for cell 'design_1_i/mdm_1'
Parsing XDC File [c:/Users/mario/OneDrive/Desktop/pmodESP32/pmodESP32.srcs/sources_1/bd/design_1/ip/design_1_rst_clk_wiz_0_100M_0/design_1_rst_clk_wiz_0_100M_0/design_1_rst_clk_wiz_0_100M_0_in_context.xdc] for cell 'design_1_i/rst_clk_wiz_0_100M'
Finished Parsing XDC File [c:/Users/mario/OneDrive/Desktop/pmodESP32/pmodESP32.srcs/sources_1/bd/design_1/ip/design_1_rst_clk_wiz_0_100M_0/design_1_rst_clk_wiz_0_100M_0/design_1_rst_clk_wiz_0_100M_0_in_context.xdc] for cell 'design_1_i/rst_clk_wiz_0_100M'
Parsing XDC File [c:/Users/mario/OneDrive/Desktop/pmodESP32/pmodESP32.srcs/sources_1/bd/design_1/ip/design_1_PmodESP32_0_0/design_1_PmodESP32_0_0/design_1_PmodESP32_0_0_in_context.xdc] for cell 'design_1_i/PmodESP32_0'
Finished Parsing XDC File [c:/Users/mario/OneDrive/Desktop/pmodESP32/pmodESP32.srcs/sources_1/bd/design_1/ip/design_1_PmodESP32_0_0/design_1_PmodESP32_0_0/design_1_PmodESP32_0_0_in_context.xdc] for cell 'design_1_i/PmodESP32_0'
Parsing XDC File [c:/Users/mario/OneDrive/Desktop/pmodESP32/pmodESP32.srcs/sources_1/bd/design_1/ip/design_1_auto_pc_0/design_1_auto_pc_0/design_1_auto_pc_0_in_context.xdc] for cell 'design_1_i/microblaze_0_axi_periph/s01_couplers/auto_pc'
Finished Parsing XDC File [c:/Users/mario/OneDrive/Desktop/pmodESP32/pmodESP32.srcs/sources_1/bd/design_1/ip/design_1_auto_pc_0/design_1_auto_pc_0/design_1_auto_pc_0_in_context.xdc] for cell 'design_1_i/microblaze_0_axi_periph/s01_couplers/auto_pc'
Parsing XDC File [c:/Users/mario/OneDrive/Desktop/pmodESP32/pmodESP32.srcs/sources_1/bd/design_1/ip/design_1_auto_pc_1/design_1_auto_pc_1/design_1_auto_pc_1_in_context.xdc] for cell 'design_1_i/microblaze_0_axi_periph/s02_couplers/auto_pc'
Finished Parsing XDC File [c:/Users/mario/OneDrive/Desktop/pmodESP32/pmodESP32.srcs/sources_1/bd/design_1/ip/design_1_auto_pc_1/design_1_auto_pc_1/design_1_auto_pc_1_in_context.xdc] for cell 'design_1_i/microblaze_0_axi_periph/s02_couplers/auto_pc'
Parsing XDC File [C:/Users/mario/OneDrive/Desktop/pmodESP32/pmodESP32.runs/synth_1/dont_touch.xdc]
Finished Parsing XDC File [C:/Users/mario/OneDrive/Desktop/pmodESP32/pmodESP32.runs/synth_1/dont_touch.xdc]
Completed Processing XDC Constraints

Netlist sorting complete. Time (s): cpu = 00:00:00 ; elapsed = 00:00:00.001 . Memory (MB): peak = 1021.551 ; gain = 0.000
INFO: [Project 1-111] Unisim Transformation Summary:
  A total of 24 instances were transformed.
  IOBUF => IOBUF (IBUF, OBUFT): 24 instances

Constraint Validation Runtime : Time (s): cpu = 00:00:00 ; elapsed = 00:00:00.204 . Memory (MB): peak = 1021.551 ; gain = 0.000
WARNING: [Timing 38-316] Clock period '20.000' specified during out-of-context synthesis of instance 'design_1_i/microblaze_0_local_memory/lmb_bram' at clock pin 'clka' is different from the actual clock period '10.000', this can lead to different synthesis results.
---------------------------------------------------------------------------------
Finished Constraint Validation : Time (s): cpu = 00:00:49 ; elapsed = 00:01:03 . Memory (MB): peak = 1033.961 ; gain = 335.426
---------------------------------------------------------------------------------
---------------------------------------------------------------------------------
Start Loading Part and Timing Information
---------------------------------------------------------------------------------
Loading part: xc7a35tcpg236-1
---------------------------------------------------------------------------------
Finished Loading Part and Timing Information : Time (s): cpu = 00:00:49 ; elapsed = 00:01:03 . Memory (MB): peak = 1033.961 ; gain = 335.426
---------------------------------------------------------------------------------
---------------------------------------------------------------------------------
Start Applying 'set_property' XDC Constraints
---------------------------------------------------------------------------------
Applied set_property IO_BUFFER_TYPE = NONE for sys_clock. (constraint file  c:/Users/mario/OneDrive/Desktop/pmodESP32/pmodESP32.srcs/sources_1/bd/design_1/ip/design_1_clk_wiz_0_0/design_1_clk_wiz_0_0/design_1_clk_wiz_0_0_in_context.xdc, line 3).
Applied set_property CLOCK_BUFFER_TYPE = NONE for sys_clock. (constraint file  c:/Users/mario/OneDrive/Desktop/pmodESP32/pmodESP32.srcs/sources_1/bd/design_1/ip/design_1_clk_wiz_0_0/design_1_clk_wiz_0_0/design_1_clk_wiz_0_0_in_context.xdc, line 4).
Applied set_property DONT_TOUCH = true for design_1_i. (constraint file  auto generated constraint, line ).
Applied set_property DONT_TOUCH = true for design_1_i/axi_gpio_0. (constraint file  auto generated constraint, line ).
Applied set_property DONT_TOUCH = true for design_1_i/clk_wiz_0. (constraint file  auto generated constraint, line ).
Applied set_property DONT_TOUCH = true for design_1_i/axi_uartlite_0. (constraint file  auto generated constraint, line ).
Applied set_property DONT_TOUCH = true for design_1_i/microblaze_0. (constraint file  auto generated constraint, line ).
Applied set_property DONT_TOUCH = true for design_1_i/microblaze_0_local_memory/dlmb_v10. (constraint file  auto generated constraint, line ).
Applied set_property DONT_TOUCH = true for design_1_i/microblaze_0_local_memory/ilmb_v10. (constraint file  auto generated constraint, line ).
Applied set_property DONT_TOUCH = true for design_1_i/microblaze_0_local_memory/dlmb_bram_if_cntlr. (constraint file  auto generated constraint, line ).
Applied set_property DONT_TOUCH = true for design_1_i/microblaze_0_local_memory/ilmb_bram_if_cntlr. (constraint file  auto generated constraint, line ).
Applied set_property DONT_TOUCH = true for design_1_i/microblaze_0_local_memory/lmb_bram. (constraint file  auto generated constraint, line ).
Applied set_property DONT_TOUCH = true for design_1_i/microblaze_0_axi_periph/xbar. (constraint file  auto generated constraint, line ).
Applied set_property DONT_TOUCH = true for design_1_i/microblaze_0_axi_periph. (constraint file  auto generated constraint, line ).
Applied set_property DONT_TOUCH = true for design_1_i/microblaze_0_axi_intc. (constraint file  auto generated constraint, line ).
Applied set_property DONT_TOUCH = true for design_1_i/microblaze_0_xlconcat. (constraint file  auto generated constraint, line ).
Applied set_property DONT_TOUCH = true for design_1_i/mdm_1. (constraint file  auto generated constraint, line ).
Applied set_property DONT_TOUCH = true for design_1_i/rst_clk_wiz_0_100M. (constraint file  auto generated constraint, line ).
Applied set_property DONT_TOUCH = true for design_1_i/PmodESP32_0. (constraint file  auto generated constraint, line ).
Applied set_property DONT_TOUCH = true for design_1_i/microblaze_0_axi_periph/s01_couplers/auto_pc. (constraint file  auto generated constraint, line ).
Applied set_property DONT_TOUCH = true for design_1_i/microblaze_0_axi_periph/s02_couplers/auto_pc. (constraint file  auto generated constraint, line ).
---------------------------------------------------------------------------------
Finished applying 'set_property' XDC Constraints : Time (s): cpu = 00:00:49 ; elapsed = 00:01:04 . Memory (MB): peak = 1033.961 ; gain = 335.426
---------------------------------------------------------------------------------
---------------------------------------------------------------------------------
Finished RTL Optimization Phase 2 : Time (s): cpu = 00:00:50 ; elapsed = 00:01:06 . Memory (MB): peak = 1033.961 ; gain = 335.426
---------------------------------------------------------------------------------

Report RTL Partitions: 
+-+--------------+------------+----------+
| |RTL Partition |Replication |Instances |
+-+--------------+------------+----------+
+-+--------------+------------+----------+
---------------------------------------------------------------------------------
Start RTL Component Statistics 
---------------------------------------------------------------------------------
Detailed RTL Component Info : 
---------------------------------------------------------------------------------
Finished RTL Component Statistics 
---------------------------------------------------------------------------------
---------------------------------------------------------------------------------
Start RTL Hierarchical Component Statistics 
---------------------------------------------------------------------------------
Hierarchical RTL Component report 
---------------------------------------------------------------------------------
Finished RTL Hierarchical Component Statistics
---------------------------------------------------------------------------------
---------------------------------------------------------------------------------
Start Part Resource Summary
---------------------------------------------------------------------------------
Part Resources:
DSPs: 90 (col length:60)
BRAMs: 100 (col length: RAMB18 60 RAMB36 30)
---------------------------------------------------------------------------------
Finished Part Resource Summary
---------------------------------------------------------------------------------
---------------------------------------------------------------------------------
Start Cross Boundary and Area Optimization
---------------------------------------------------------------------------------
Warning: Parallel synthesis criteria is not met 
WARNING: [Synth 8-3331] design design_1_microblaze_0_axi_periph_0 has unconnected port M00_ACLK
WARNING: [Synth 8-3331] design design_1_microblaze_0_axi_periph_0 has unconnected port M00_ARESETN
WARNING: [Synth 8-3331] design design_1_microblaze_0_axi_periph_0 has unconnected port M01_ACLK
WARNING: [Synth 8-3331] design design_1_microblaze_0_axi_periph_0 has unconnected port M01_ARESETN
WARNING: [Synth 8-3331] design design_1_microblaze_0_axi_periph_0 has unconnected port M02_ACLK
WARNING: [Synth 8-3331] design design_1_microblaze_0_axi_periph_0 has unconnected port M02_ARESETN
WARNING: [Synth 8-3331] design design_1_microblaze_0_axi_periph_0 has unconnected port M03_ACLK
WARNING: [Synth 8-3331] design design_1_microblaze_0_axi_periph_0 has unconnected port M03_ARESETN
WARNING: [Synth 8-3331] design design_1_microblaze_0_axi_periph_0 has unconnected port M04_ACLK
WARNING: [Synth 8-3331] design design_1_microblaze_0_axi_periph_0 has unconnected port M04_ARESETN
WARNING: [Synth 8-3331] design design_1_microblaze_0_axi_periph_0 has unconnected port M05_ACLK
WARNING: [Synth 8-3331] design design_1_microblaze_0_axi_periph_0 has unconnected port M05_ARESETN
WARNING: [Synth 8-3331] design design_1_microblaze_0_axi_periph_0 has unconnected port S00_ACLK
WARNING: [Synth 8-3331] design design_1_microblaze_0_axi_periph_0 has unconnected port S00_ARESETN
WARNING: [Synth 8-3331] design design_1_microblaze_0_axi_periph_0 has unconnected port S01_ACLK
WARNING: [Synth 8-3331] design design_1_microblaze_0_axi_periph_0 has unconnected port S01_ARESETN
WARNING: [Synth 8-3331] design design_1_microblaze_0_axi_periph_0 has unconnected port S02_ACLK
WARNING: [Synth 8-3331] design design_1_microblaze_0_axi_periph_0 has unconnected port S02_ARESETN
---------------------------------------------------------------------------------
Finished Cross Boundary and Area Optimization : Time (s): cpu = 00:00:55 ; elapsed = 00:01:11 . Memory (MB): peak = 1033.961 ; gain = 335.426
---------------------------------------------------------------------------------

Report RTL Partitions: 
+-+--------------+------------+----------+
| |RTL Partition |Replication |Instances |
+-+--------------+------------+----------+
+-+--------------+------------+----------+
---------------------------------------------------------------------------------
Start Applying XDC Timing Constraints
---------------------------------------------------------------------------------
INFO: [Synth 8-5578] Moved timing constraint from pin 'design_1_i/clk_wiz_0/clk_out1' to pin 'design_1_i/clk_wiz_0/bbstub_clk_out1/O'
INFO: [Synth 8-5578] Moved timing constraint from pin 'design_1_i/microblaze_0_local_memory/dlmb_bram_if_cntlr/BRAM_Clk_A' to pin 'design_1_i/microblaze_0_local_memory/dlmb_bram_if_cntlr/bbstub_BRAM_Clk_A/O'
INFO: [Synth 8-5578] Moved timing constraint from pin 'design_1_i/microblaze_0_local_memory/ilmb_bram_if_cntlr/BRAM_Clk_A' to pin 'design_1_i/microblaze_0_local_memory/ilmb_bram_if_cntlr/bbstub_BRAM_Clk_A/O'
INFO: [Synth 8-5578] Moved timing constraint from pin 'design_1_i/mdm_1/Dbg_Clk_0' to pin 'design_1_i/mdm_1/bbstub_Dbg_Clk_0/O'
INFO: [Synth 8-5578] Moved timing constraint from pin 'design_1_i/mdm_1/Dbg_Update_0' to pin 'design_1_i/mdm_1/bbstub_Dbg_Update_0/O'
INFO: [Synth 8-5819] Moved 5 constraints on hierarchical pins to their respective driving/loading pins
---------------------------------------------------------------------------------
Finished Applying XDC Timing Constraints : Time (s): cpu = 00:01:24 ; elapsed = 00:01:43 . Memory (MB): peak = 1033.961 ; gain = 335.426
---------------------------------------------------------------------------------
---------------------------------------------------------------------------------
Start Timing Optimization
---------------------------------------------------------------------------------
---------------------------------------------------------------------------------
Finished Timing Optimization : Time (s): cpu = 00:01:24 ; elapsed = 00:01:43 . Memory (MB): peak = 1033.961 ; gain = 335.426
---------------------------------------------------------------------------------

Report RTL Partitions: 
+-+--------------+------------+----------+
| |RTL Partition |Replication |Instances |
+-+--------------+------------+----------+
+-+--------------+------------+----------+
---------------------------------------------------------------------------------
Start Technology Mapping
---------------------------------------------------------------------------------
---------------------------------------------------------------------------------
Finished Technology Mapping : Time (s): cpu = 00:01:25 ; elapsed = 00:01:44 . Memory (MB): peak = 1040.066 ; gain = 341.531
---------------------------------------------------------------------------------

Report RTL Partitions: 
+-+--------------+------------+----------+
| |RTL Partition |Replication |Instances |
+-+--------------+------------+----------+
+-+--------------+------------+----------+
---------------------------------------------------------------------------------
Start IO Insertion
---------------------------------------------------------------------------------
---------------------------------------------------------------------------------
Start Flattening Before IO Insertion
---------------------------------------------------------------------------------
---------------------------------------------------------------------------------
Finished Flattening Before IO Insertion
---------------------------------------------------------------------------------
---------------------------------------------------------------------------------
Start Final Netlist Cleanup
---------------------------------------------------------------------------------
---------------------------------------------------------------------------------
Finished Final Netlist Cleanup
---------------------------------------------------------------------------------
---------------------------------------------------------------------------------
Finished IO Insertion : Time (s): cpu = 00:01:31 ; elapsed = 00:01:51 . Memory (MB): peak = 1055.863 ; gain = 357.328
---------------------------------------------------------------------------------

Report Check Netlist: 
+------+------------------+-------+---------+-------+------------------+
|      |Item              |Errors |Warnings |Status |Description       |
+------+------------------+-------+---------+-------+------------------+
|1     |multi_driven_nets |      0|        0|Passed |Multi driven nets |
+------+------------------+-------+---------+-------+------------------+
---------------------------------------------------------------------------------
Start Renaming Generated Instances
---------------------------------------------------------------------------------
---------------------------------------------------------------------------------
Finished Renaming Generated Instances : Time (s): cpu = 00:01:31 ; elapsed = 00:01:51 . Memory (MB): peak = 1055.863 ; gain = 357.328
---------------------------------------------------------------------------------

Report RTL Partitions: 
+-+--------------+------------+----------+
| |RTL Partition |Replication |Instances |
+-+--------------+------------+----------+
+-+--------------+------------+----------+
---------------------------------------------------------------------------------
Start Rebuilding User Hierarchy
---------------------------------------------------------------------------------
---------------------------------------------------------------------------------
Finished Rebuilding User Hierarchy : Time (s): cpu = 00:01:32 ; elapsed = 00:01:51 . Memory (MB): peak = 1055.863 ; gain = 357.328
---------------------------------------------------------------------------------
---------------------------------------------------------------------------------
Start Renaming Generated Ports
---------------------------------------------------------------------------------
---------------------------------------------------------------------------------
Finished Renaming Generated Ports : Time (s): cpu = 00:01:32 ; elapsed = 00:01:51 . Memory (MB): peak = 1055.863 ; gain = 357.328
---------------------------------------------------------------------------------
---------------------------------------------------------------------------------
Start Handling Custom Attributes
---------------------------------------------------------------------------------
---------------------------------------------------------------------------------
Finished Handling Custom Attributes : Time (s): cpu = 00:01:32 ; elapsed = 00:01:51 . Memory (MB): peak = 1055.863 ; gain = 357.328
---------------------------------------------------------------------------------
---------------------------------------------------------------------------------
Start Renaming Generated Nets
---------------------------------------------------------------------------------
---------------------------------------------------------------------------------
Finished Renaming Generated Nets : Time (s): cpu = 00:01:32 ; elapsed = 00:01:51 . Memory (MB): peak = 1055.863 ; gain = 357.328
---------------------------------------------------------------------------------
---------------------------------------------------------------------------------
Start Writing Synthesis Report
---------------------------------------------------------------------------------

Report BlackBoxes: 
+------+---------------------------------+----------+
|      |BlackBox name                    |Instances |
+------+---------------------------------+----------+
|1     |design_1_xbar_0                  |         1|
|2     |design_1_auto_pc_0               |         1|
|3     |design_1_auto_pc_1               |         1|
|4     |design_1_PmodESP32_0_0           |         1|
|5     |design_1_axi_gpio_0_0            |         1|
|6     |design_1_axi_uartlite_0_0        |         1|
|7     |design_1_clk_wiz_0_0             |         1|
|8     |design_1_mdm_1_0                 |         1|
|9     |design_1_microblaze_0_0          |         1|
|10    |design_1_microblaze_0_axi_intc_0 |         1|
|11    |design_1_rst_clk_wiz_0_100M_0    |         1|
|12    |design_1_dlmb_bram_if_cntlr_0    |         1|
|13    |design_1_dlmb_v10_0              |         1|
|14    |design_1_ilmb_bram_if_cntlr_0    |         1|
|15    |design_1_ilmb_v10_0              |         1|
|16    |design_1_lmb_bram_0              |         1|
+------+---------------------------------+----------+

Report Cell Usage: 
+------+---------------------------------+------+
|      |Cell                             |Count |
+------+---------------------------------+------+
|1     |design_1_PmodESP32_0_0           |     1|
|2     |design_1_auto_pc_0               |     1|
|3     |design_1_auto_pc_1               |     1|
|4     |design_1_axi_gpio_0_0            |     1|
|5     |design_1_axi_uartlite_0_0        |     1|
|6     |design_1_clk_wiz_0_0             |     1|
|7     |design_1_dlmb_bram_if_cntlr_0    |     1|
|8     |design_1_dlmb_v10_0              |     1|
|9     |design_1_ilmb_bram_if_cntlr_0    |     1|
|10    |design_1_ilmb_v10_0              |     1|
|11    |design_1_lmb_bram_0              |     1|
|12    |design_1_mdm_1_0                 |     1|
|13    |design_1_microblaze_0_0          |     1|
|14    |design_1_microblaze_0_axi_intc_0 |     1|
|15    |design_1_rst_clk_wiz_0_100M_0    |     1|
|16    |design_1_xbar_0                  |     1|
|17    |IBUF                             |     6|
|18    |IOBUF                            |    24|
|19    |OBUF                             |     1|
+------+---------------------------------+------+

Report Instance Areas: 
+------+------------------------------+--------------------------------------+------+
|      |Instance                      |Module                                |Cells |
+------+------------------------------+--------------------------------------+------+
|1     |top                           |                                      |  2433|
|2     |  design_1_i                  |design_1                              |  2402|
|3     |    microblaze_0_axi_periph   |design_1_microblaze_0_axi_periph_0    |  1016|
|4     |      s01_couplers            |s01_couplers_imp_2REGHR               |   153|
|5     |      s02_couplers            |s02_couplers_imp_1R40M8T              |    74|
|6     |    microblaze_0_xlconcat     |design_1_microblaze_0_xlconcat_0      |     0|
|7     |    microblaze_0_local_memory |microblaze_0_local_memory_imp_1K0VQXK |   496|
+------+------------------------------+--------------------------------------+------+
---------------------------------------------------------------------------------
Finished Writing Synthesis Report : Time (s): cpu = 00:01:32 ; elapsed = 00:01:51 . Memory (MB): peak = 1055.863 ; gain = 357.328
---------------------------------------------------------------------------------
Synthesis finished with 0 errors, 0 critical warnings and 18 warnings.
Synthesis Optimization Runtime : Time (s): cpu = 00:00:59 ; elapsed = 00:01:40 . Memory (MB): peak = 1055.863 ; gain = 269.598
Synthesis Optimization Complete : Time (s): cpu = 00:01:32 ; elapsed = 00:01:51 . Memory (MB): peak = 1055.863 ; gain = 357.328
INFO: [Project 1-571] Translating synthesized netlist
INFO: [Netlist 29-17] Analyzing 24 Unisim elements for replacement
INFO: [Netlist 29-28] Unisim Transformation completed in 0 CPU seconds
INFO: [Project 1-570] Preparing netlist for logic optimization
INFO: [Opt 31-138] Pushed 0 inverter(s) to 0 load pin(s).
Netlist sorting complete. Time (s): cpu = 00:00:00 ; elapsed = 00:00:00.001 . Memory (MB): peak = 1076.039 ; gain = 0.000
INFO: [Project 1-111] Unisim Transformation Summary:
  A total of 24 instances were transformed.
  IOBUF => IOBUF (IBUF, OBUFT): 24 instances

INFO: [Common 17-83] Releasing license: Synthesis
86 Infos, 109 Warnings, 0 Critical Warnings and 0 Errors encountered.
synth_design completed successfully
synth_design: Time (s): cpu = 00:01:55 ; elapsed = 00:02:36 . Memory (MB): peak = 1076.039 ; gain = 632.848
Netlist sorting complete. Time (s): cpu = 00:00:00 ; elapsed = 00:00:00 . Memory (MB): peak = 1076.039 ; gain = 0.000
WARNING: [Constraints 18-5210] No constraints selected for write.
Resolution: This message can indicate that there are no constraints for the design, or it can indicate that the used_in flags are set such that the constraints are ignored. This later case is used when running synth_design to not write synthesis constraints to the resulting checkpoint. Instead, project constraints are read when the synthesized design is opened.
INFO: [Common 17-1381] The checkpoint 'C:/Users/mario/OneDrive/Desktop/pmodESP32/pmodESP32.runs/synth_1/design_1_wrapper.dcp' has been generated.
INFO: [runtcl-4] Executing : report_utilization -file design_1_wrapper_utilization_synth.rpt -pb design_1_wrapper_utilization_synth.pb
INFO: [Common 17-206] Exiting Vivado at Mon Jul 27 12:38:43 2020...
